---------------------------------------------------------------
[ 2018-03-13T21:21:00+08:00 ] 127.0.0.1 GET /admin
[ info ] www.cdyy.com/admin [运行时间：0.714442s][吞吐率：1.40req/s] [内存消耗：3,119.38kb] [文件加载：47]
[ info ] [ LANG ] D:\wamp64\www\cdyy\thinkphp\lang\zh-cn.php
[ info ] [ ROUTE ] array (
  'type' => 'module',
  'module' => 
  array (
    0 => 'admin',
    1 => NULL,
    2 => NULL,
  ),
)
[ info ] [ HEADER ] array (
  'host' => 'www.cdyy.com',
  'connection' => 'keep-alive',
  'upgrade-insecure-requests' => '1',
  'user-agent' => 'Mozilla/5.0 (Windows NT 5.1) AppleWebKit/537.36 (KHTML, like Gecko) Maxthon/5.0 Chrome/55.0.2883.75 Safari/537.36',
  'accept' => 'text/html,application/xhtml+xml,application/xml;q=0.9,image/webp,*/*;q=0.8',
  'dnt' => '1',
  'accept-encoding' => 'gzip, deflate',
  'accept-language' => 'zh-CN',
  'cookie' => 'UM_distinctid=161eff712a0a1-0f790bb8cc872e-2569791b-100200-161eff712a145a; YPF8827340282Jdskjhfiw_928937459182JAX666=176.122.159.200; uid=www5a9ba399cb7bb9.60490532; CNZZDATA1256793290=1948844775-1520144149-%7C1520678761',
)
[ info ] [ PARAM ] array (
)
[ info ] [ RUN ] app\admin\controller\index->index[ D:\wamp64\www\cdyy\application\admin\controller\Index.php ]
[ info ] [ SESSION ] INIT array (
  'id' => '',
  'var_session_id' => '',
  'prefix' => 'think',
  'type' => '',
  'auto_start' => true,
)
[ info ] [ LOG ] INIT File
---------------------------------------------------------------
[ 2018-03-13T21:21:00+08:00 ] 127.0.0.1 GET /admin/index/login.html
[ info ] www.cdyy.com/admin/index/login.html [运行时间：0.214398s][吞吐率：4.66req/s] [内存消耗：3,204.66kb] [文件加载：50]
[ info ] [ LANG ] D:\wamp64\www\cdyy\thinkphp\lang\zh-cn.php
[ info ] [ ROUTE ] array (
  'type' => 'module',
  'module' => 
  array (
    0 => 'admin',
    1 => 'index',
    2 => 'login',
  ),
)
[ info ] [ HEADER ] array (
  'host' => 'www.cdyy.com',
  'connection' => 'keep-alive',
  'upgrade-insecure-requests' => '1',
  'user-agent' => 'Mozilla/5.0 (Windows NT 5.1) AppleWebKit/537.36 (KHTML, like Gecko) Maxthon/5.0 Chrome/55.0.2883.75 Safari/537.36',
  'accept' => 'text/html,application/xhtml+xml,application/xml;q=0.9,image/webp,*/*;q=0.8',
  'dnt' => '1',
  'accept-encoding' => 'gzip, deflate',
  'accept-language' => 'zh-CN',
  'cookie' => 'UM_distinctid=161eff712a0a1-0f790bb8cc872e-2569791b-100200-161eff712a145a; YPF8827340282Jdskjhfiw_928937459182JAX666=176.122.159.200; uid=www5a9ba399cb7bb9.60490532; CNZZDATA1256793290=1948844775-1520144149-%7C1520678761; PHPSESSID=c43hl9oqhq7hn2ajellf0h0mu5',
)
[ info ] [ PARAM ] array (
)
[ info ] [ RUN ] app\admin\controller\index->login[ D:\wamp64\www\cdyy\application\admin\controller\Index.php ]
[ info ] [ SESSION ] INIT array (
  'id' => '',
  'var_session_id' => '',
  'prefix' => 'think',
  'type' => '',
  'auto_start' => true,
)
[ info ] [ VIEW ] D:\wamp64\www\cdyy\public/../application/admin\view\index\login.html [ array (
) ]
[ info ] [ LOG ] INIT File
---------------------------------------------------------------
[ 2018-03-13T21:21:01+08:00 ] 127.0.0.1 GET /captcha.html
[ info ] www.cdyy.com/captcha.html [运行时间：0.173343s][吞吐率：5.77req/s] [内存消耗：2,531.63kb] [文件加载：39]
[ info ] [ LANG ] D:\wamp64\www\cdyy\thinkphp\lang\zh-cn.php
[ info ] [ ROUTE ] array (
  'type' => 'method',
  'method' => 
  array (
    0 => '\\think\\captcha\\CaptchaController',
    1 => 'index',
  ),
  'var' => 
  array (
  ),
)
[ info ] [ HEADER ] array (
  'host' => 'www.cdyy.com',
  'connection' => 'keep-alive',
  'user-agent' => 'Mozilla/5.0 (Windows NT 5.1) AppleWebKit/537.36 (KHTML, like Gecko) Maxthon/5.0 Chrome/55.0.2883.75 Safari/537.36',
  'accept' => 'image/webp,image/*,*/*;q=0.8',
  'dnt' => '1',
  'referer' => 'http://www.cdyy.com/admin/index/login.html',
  'accept-encoding' => 'gzip, deflate',
  'accept-language' => 'zh-CN',
  'cookie' => 'UM_distinctid=161eff712a0a1-0f790bb8cc872e-2569791b-100200-161eff712a145a; YPF8827340282Jdskjhfiw_928937459182JAX666=176.122.159.200; uid=www5a9ba399cb7bb9.60490532; CNZZDATA1256793290=1948844775-1520144149-%7C1520678761; PHPSESSID=c43hl9oqhq7hn2ajellf0h0mu5',
)
[ info ] [ PARAM ] array (
  'id' => NULL,
)
[ info ] [ RUN ] think\captcha\CaptchaController->index[ D:\wamp64\www\cdyy\vendor\topthink\think-captcha\src\CaptchaController.php ]
[ info ] [ SESSION ] INIT array (
  'id' => '',
  'var_session_id' => '',
  'prefix' => 'think',
  'type' => '',
  'auto_start' => true,
)
[ info ] [ LOG ] INIT File
---------------------------------------------------------------
[ 2018-03-13T21:21:01+08:00 ] 127.0.0.1 GET /static/admin_login/jquery.ui.theme.css
[ info ] www.cdyy.com/static/admin_login/jquery.ui.theme.css [运行时间：0.106723s][吞吐率：9.37req/s] [内存消耗：2,586.29kb] [文件加载：43]
[ info ] [ LANG ] D:\wamp64\www\cdyy\thinkphp\lang\zh-cn.php
[ info ] [ ROUTE ] array (
  'type' => 'module',
  'module' => 
  array (
    0 => 'static',
    1 => 'admin_login',
    2 => 'jquery.ui.theme.css',
  ),
)
[ info ] [ HEADER ] array (
  'host' => 'www.cdyy.com',
  'connection' => 'keep-alive',
  'user-agent' => 'Mozilla/5.0 (Windows NT 5.1) AppleWebKit/537.36 (KHTML, like Gecko) Maxthon/5.0 Chrome/55.0.2883.75 Safari/537.36',
  'accept' => 'text/css,*/*;q=0.1',
  'dnt' => '1',
  'referer' => 'http://www.cdyy.com/admin/index/login.html',
  'accept-encoding' => 'gzip, deflate',
  'accept-language' => 'zh-CN',
  'cookie' => 'UM_distinctid=161eff712a0a1-0f790bb8cc872e-2569791b-100200-161eff712a145a; YPF8827340282Jdskjhfiw_928937459182JAX666=176.122.159.200; uid=www5a9ba399cb7bb9.60490532; CNZZDATA1256793290=1948844775-1520144149-%7C1520678761; PHPSESSID=c43hl9oqhq7hn2ajellf0h0mu5',
)
[ info ] [ PARAM ] array (
)
[ info ] [ LOG ] INIT File
---------------------------------------------------------------
[ 2018-03-13T21:21:01+08:00 ] 127.0.0.1 GET /static/admin_login/jquery.ui.base.css
[ info ] www.cdyy.com/static/admin_login/jquery.ui.base.css [运行时间：0.133908s][吞吐率：7.47req/s] [内存消耗：2,586.43kb] [文件加载：43]
[ info ] [ LANG ] D:\wamp64\www\cdyy\thinkphp\lang\zh-cn.php
[ info ] [ ROUTE ] array (
  'type' => 'module',
  'module' => 
  array (
    0 => 'static',
    1 => 'admin_login',
    2 => 'jquery.ui.base.css',
  ),
)
[ info ] [ HEADER ] array (
  'host' => 'www.cdyy.com',
  'connection' => 'keep-alive',
  'user-agent' => 'Mozilla/5.0 (Windows NT 5.1) AppleWebKit/537.36 (KHTML, like Gecko) Maxthon/5.0 Chrome/55.0.2883.75 Safari/537.36',
  'accept' => 'text/css,*/*;q=0.1',
  'dnt' => '1',
  'referer' => 'http://www.cdyy.com/admin/index/login.html',
  'accept-encoding' => 'gzip, deflate',
  'accept-language' => 'zh-CN',
  'cookie' => 'UM_distinctid=161eff712a0a1-0f790bb8cc872e-2569791b-100200-161eff712a145a; YPF8827340282Jdskjhfiw_928937459182JAX666=176.122.159.200; uid=www5a9ba399cb7bb9.60490532; CNZZDATA1256793290=1948844775-1520144149-%7C1520678761; PHPSESSID=c43hl9oqhq7hn2ajellf0h0mu5',
)
[ info ] [ PARAM ] array (
)
[ info ] [ LOG ] INIT File
---------------------------------------------------------------
[ 2018-03-13T21:21:01+08:00 ] 127.0.0.1 GET /static/images/txt_input_bg.gif
[ info ] www.cdyy.com/static/images/txt_input_bg.gif [运行时间：0.132053s][吞吐率：7.57req/s] [内存消耗：2,586.77kb] [文件加载：43]
[ info ] [ LANG ] D:\wamp64\www\cdyy\thinkphp\lang\zh-cn.php
[ info ] [ ROUTE ] array (
  'type' => 'module',
  'module' => 
  array (
    0 => 'static',
    1 => 'images',
    2 => 'txt_input_bg.gif',
  ),
)
[ info ] [ HEADER ] array (
  'host' => 'www.cdyy.com',
  'connection' => 'keep-alive',
  'user-agent' => 'Mozilla/5.0 (Windows NT 5.1) AppleWebKit/537.36 (KHTML, like Gecko) Maxthon/5.0 Chrome/55.0.2883.75 Safari/537.36',
  'accept' => 'image/webp,image/*,*/*;q=0.8',
  'dnt' => '1',
  'referer' => 'http://www.cdyy.com/static/admin_login/style_log.css',
  'accept-encoding' => 'gzip, deflate',
  'accept-language' => 'zh-CN',
  'cookie' => 'UM_distinctid=161eff712a0a1-0f790bb8cc872e-2569791b-100200-161eff712a145a; YPF8827340282Jdskjhfiw_928937459182JAX666=176.122.159.200; uid=www5a9ba399cb7bb9.60490532; CNZZDATA1256793290=1948844775-1520144149-%7C1520678761; PHPSESSID=c43hl9oqhq7hn2ajellf0h0mu5',
)
[ info ] [ PARAM ] array (
)
[ info ] [ LOG ] INIT File
---------------------------------------------------------------
[ 2018-03-13T21:22:05+08:00 ] 127.0.0.1 POST /admin/index/logincheck.html
[ info ] www.cdyy.com/admin/index/logincheck.html [运行时间：0.326098s][吞吐率：3.07req/s] [内存消耗：5,290.05kb] [文件加载：59]
[ info ] [ LANG ] D:\wamp64\www\cdyy\thinkphp\lang\zh-cn.php
[ info ] [ ROUTE ] array (
  'type' => 'module',
  'module' => 
  array (
    0 => 'admin',
    1 => 'index',
    2 => 'logincheck',
  ),
)
[ info ] [ HEADER ] array (
  'host' => 'www.cdyy.com',
  'connection' => 'keep-alive',
  'content-length' => '67',
  'cache-control' => 'max-age=0',
  'origin' => 'http://www.cdyy.com',
  'upgrade-insecure-requests' => '1',
  'user-agent' => 'Mozilla/5.0 (Windows NT 5.1) AppleWebKit/537.36 (KHTML, like Gecko) Maxthon/5.0 Chrome/55.0.2883.75 Safari/537.36',
  'content-type' => 'application/x-www-form-urlencoded',
  'accept' => 'text/html,application/xhtml+xml,application/xml;q=0.9,image/webp,*/*;q=0.8',
  'dnt' => '1',
  'referer' => 'http://www.cdyy.com/admin/index/login.html',
  'accept-encoding' => 'gzip, deflate',
  'accept-language' => 'zh-CN',
  'cookie' => 'thinkphp_show_page_trace=0|0; UM_distinctid=161eff712a0a1-0f790bb8cc872e-2569791b-100200-161eff712a145a; YPF8827340282Jdskjhfiw_928937459182JAX666=176.122.159.200; uid=www5a9ba399cb7bb9.60490532; PHPSESSID=c43hl9oqhq7hn2ajellf0h0mu5; CNZZDATA1256793290=1948844775-1520144149-%7C1520943366',
)
[ info ] [ PARAM ] array (
  'username' => 'admin',
  'userpwd' => '19961104',
  'code' => 'KBYV',
  'button' => '登录',
)
[ info ] [ RUN ] app\admin\controller\index->logincheck[ D:\wamp64\www\cdyy\application\admin\controller\Index.php ]
[ info ] [ SESSION ] INIT array (
  'id' => '',
  'var_session_id' => '',
  'prefix' => 'think',
  'type' => '',
  'auto_start' => true,
)
[ info ] [ DB ] INIT mysql
[ info ] [ CACHE ] INIT File
[ info ] [ LOG ] INIT File
[ sql ] [ DB ] CONNECT:[ UseTime:0.001874s ] mysql:host=127.0.0.1;port=3306;dbname=cdyy;charset=utf8
[ sql ] [ SQL ] SHOW COLUMNS FROM `user` [ RunTime:0.051029s ]
[ sql ] [ SQL ] SELECT * FROM `user` WHERE  `name` = 'admin' LIMIT 1 [ RunTime:0.011839s ]
[ sql ] [ SQL ] UPDATE `user`  SET `lastlogintime`='2018-03-13 21:22:05'  WHERE  `id` = 1 [ RunTime:0.017687s ]
---------------------------------------------------------------
[ 2018-03-13T21:22:05+08:00 ] 127.0.0.1 GET /admin/index/index.html
[ info ] www.cdyy.com/admin/index/index.html [运行时间：0.384506s][吞吐率：2.60req/s] [内存消耗：5,472.98kb] [文件加载：60]
[ info ] [ LANG ] D:\wamp64\www\cdyy\thinkphp\lang\zh-cn.php
[ info ] [ ROUTE ] array (
  'type' => 'module',
  'module' => 
  array (
    0 => 'admin',
    1 => 'index',
    2 => 'index',
  ),
)
[ info ] [ HEADER ] array (
  'host' => 'www.cdyy.com',
  'connection' => 'keep-alive',
  'cache-control' => 'max-age=0',
  'upgrade-insecure-requests' => '1',
  'user-agent' => 'Mozilla/5.0 (Windows NT 5.1) AppleWebKit/537.36 (KHTML, like Gecko) Maxthon/5.0 Chrome/55.0.2883.75 Safari/537.36',
  'accept' => 'text/html,application/xhtml+xml,application/xml;q=0.9,image/webp,*/*;q=0.8',
  'dnt' => '1',
  'referer' => 'http://www.cdyy.com/admin/index/login.html',
  'accept-encoding' => 'gzip, deflate',
  'accept-language' => 'zh-CN',
  'cookie' => 'thinkphp_show_page_trace=0|0; UM_distinctid=161eff712a0a1-0f790bb8cc872e-2569791b-100200-161eff712a145a; YPF8827340282Jdskjhfiw_928937459182JAX666=176.122.159.200; uid=www5a9ba399cb7bb9.60490532; PHPSESSID=c43hl9oqhq7hn2ajellf0h0mu5; CNZZDATA1256793290=1948844775-1520144149-%7C1520943366',
)
[ info ] [ PARAM ] array (
)
[ info ] [ RUN ] app\admin\controller\index->index[ D:\wamp64\www\cdyy\application\admin\controller\Index.php ]
[ info ] [ SESSION ] INIT array (
  'id' => '',
  'var_session_id' => '',
  'prefix' => 'think',
  'type' => '',
  'auto_start' => true,
)
[ info ] [ DB ] INIT mysql
[ info ] [ VIEW ] D:\wamp64\www\cdyy\public/../application/admin\view\index\index.html [ array (
  0 => 'name',
  1 => 'list1',
  2 => 'list2',
  3 => 'hostos',
  4 => 'hostupload',
  5 => 'hostsql',
  6 => 'count1',
  7 => 'list3',
) ]
[ info ] [ LOG ] INIT File
[ sql ] [ DB ] CONNECT:[ UseTime:0.002003s ] mysql:host=127.0.0.1;port=3306;dbname=cdyy;charset=utf8
[ sql ] [ SQL ] SHOW COLUMNS FROM `usertype` [ RunTime:0.072298s ]
[ sql ] [ SQL ] SELECT * FROM `usertype` [ RunTime:0.000721s ]
[ sql ] [ SQL ] SHOW COLUMNS FROM `articletype` [ RunTime:0.030724s ]
[ sql ] [ SQL ] SELECT * FROM `articletype` [ RunTime:0.000717s ]
[ sql ] [ SQL ] select VERSION() [ RunTime:0.016341s ]
[ sql ] [ SQL ] SELECT MAX(id) AS tp_max FROM `usertype` LIMIT 1 [ RunTime:0.000912s ]
[ sql ] [ SQL ] SHOW COLUMNS FROM `user` [ RunTime:0.001537s ]
[ sql ] [ SQL ] SELECT COUNT(*) AS tp_count FROM `user` WHERE  `usertype` = 1 LIMIT 1 [ RunTime:0.000815s ]
[ sql ] [ SQL ] SELECT MAX(id) AS tp_max FROM `usertype` LIMIT 1 [ RunTime:0.000573s ]
[ sql ] [ SQL ] SELECT COUNT(*) AS tp_count FROM `user` WHERE  `usertype` = 2 LIMIT 1 [ RunTime:0.000800s ]
[ sql ] [ SQL ] SELECT MAX(id) AS tp_max FROM `usertype` LIMIT 1 [ RunTime:0.000711s ]
[ sql ] [ SQL ] SELECT COUNT(*) AS tp_count FROM `user` WHERE  `usertype` = 3 LIMIT 1 [ RunTime:0.000767s ]
[ sql ] [ SQL ] SELECT MAX(id) AS tp_max FROM `usertype` LIMIT 1 [ RunTime:0.000600s ]
[ sql ] [ SQL ] SELECT COUNT(*) AS tp_count FROM `user` WHERE  `usertype` = 4 LIMIT 1 [ RunTime:0.000721s ]
[ sql ] [ SQL ] SELECT MAX(id) AS tp_max FROM `usertype` LIMIT 1 [ RunTime:0.000500s ]
[ sql ] [ SQL ] SELECT COUNT(*) AS tp_count FROM `user` WHERE  `usertype` = 5 LIMIT 1 [ RunTime:0.000647s ]
[ sql ] [ SQL ] SELECT MAX(id) AS tp_max FROM `usertype` LIMIT 1 [ RunTime:0.000665s ]
[ sql ] [ SQL ] SELECT COUNT(*) AS tp_count FROM `user` WHERE  `usertype` = 6 LIMIT 1 [ RunTime:0.000627s ]
[ sql ] [ SQL ] SELECT MAX(id) AS tp_max FROM `usertype` LIMIT 1 [ RunTime:0.000528s ]
[ sql ] [ SQL ] SELECT COUNT(*) AS tp_count FROM `user` WHERE  `usertype` = 7 LIMIT 1 [ RunTime:0.000970s ]
[ sql ] [ SQL ] SELECT MAX(id) AS tp_max FROM `usertype` LIMIT 1 [ RunTime:0.000740s ]
[ sql ] [ SQL ] SELECT COUNT(*) AS tp_count FROM `user` WHERE  `usertype` = 1 LIMIT 1 [ RunTime:0.000726s ]
[ sql ] [ SQL ] SHOW COLUMNS FROM `gymtype` [ RunTime:0.040101s ]
[ sql ] [ SQL ] SELECT * FROM `gymtype` [ RunTime:0.000760s ]
---------------------------------------------------------------
[ 2018-03-13T21:22:10+08:00 ] 127.0.0.1 GET /admin/art/index.html?id=1
[ info ] www.cdyy.com/admin/art/index.html?id=1 [运行时间：0.246696s][吞吐率：4.05req/s] [内存消耗：5,374.01kb] [文件加载：59]
[ info ] [ LANG ] D:\wamp64\www\cdyy\thinkphp\lang\zh-cn.php
[ info ] [ ROUTE ] array (
  'type' => 'module',
  'module' => 
  array (
    0 => 'admin',
    1 => 'art',
    2 => 'index',
  ),
)
[ info ] [ HEADER ] array (
  'host' => 'www.cdyy.com',
  'connection' => 'keep-alive',
  'upgrade-insecure-requests' => '1',
  'user-agent' => 'Mozilla/5.0 (Windows NT 5.1) AppleWebKit/537.36 (KHTML, like Gecko) Maxthon/5.0 Chrome/55.0.2883.75 Safari/537.36',
  'accept' => 'text/html,application/xhtml+xml,application/xml;q=0.9,image/webp,*/*;q=0.8',
  'dnt' => '1',
  'referer' => 'http://www.cdyy.com/admin/index/index.html',
  'accept-encoding' => 'gzip, deflate',
  'accept-language' => 'zh-CN',
  'cookie' => 'UM_distinctid=161eff712a0a1-0f790bb8cc872e-2569791b-100200-161eff712a145a; YPF8827340282Jdskjhfiw_928937459182JAX666=176.122.159.200; uid=www5a9ba399cb7bb9.60490532; PHPSESSID=c43hl9oqhq7hn2ajellf0h0mu5; CNZZDATA1256793290=1948844775-1520144149-%7C1520943366',
)
[ info ] [ PARAM ] array (
  'id' => '1',
)
[ info ] [ RUN ] app\admin\controller\Art->index[ D:\wamp64\www\cdyy\application\admin\controller\Art.php ]
[ info ] [ SESSION ] INIT array (
  'id' => '',
  'var_session_id' => '',
  'prefix' => 'think',
  'type' => '',
  'auto_start' => true,
)
[ info ] [ DB ] INIT mysql
[ info ] [ VIEW ] D:\wamp64\www\cdyy\public/../application/admin\view\art\index.html [ array (
  0 => 'name',
  1 => 'list1',
  2 => 'list2',
  3 => 'list3',
  4 => 'artt',
  5 => 'aid',
) ]
[ info ] [ LOG ] INIT File
[ sql ] [ DB ] CONNECT:[ UseTime:0.002156s ] mysql:host=127.0.0.1;port=3306;dbname=cdyy;charset=utf8
[ sql ] [ SQL ] SHOW COLUMNS FROM `usertype` [ RunTime:0.001405s ]
[ sql ] [ SQL ] SELECT * FROM `usertype` [ RunTime:0.001454s ]
[ sql ] [ SQL ] SHOW COLUMNS FROM `articletype` [ RunTime:0.001454s ]
[ sql ] [ SQL ] SELECT * FROM `articletype` [ RunTime:0.000691s ]
[ sql ] [ SQL ] SHOW COLUMNS FROM `gymtype` [ RunTime:0.001646s ]
[ sql ] [ SQL ] SELECT * FROM `gymtype` [ RunTime:0.000908s ]
[ sql ] [ SQL ] SELECT * FROM `articletype` WHERE  `id` = 1 LIMIT 1 [ RunTime:0.000936s ]
---------------------------------------------------------------
[ 2018-03-13T21:22:11+08:00 ] 127.0.0.1 GET /admin/art/artlist?page=1&limit=10&id=1
[ info ] www.cdyy.com/admin/art/artlist?page=1&limit=10&id=1 [运行时间：0.255529s][吞吐率：3.91req/s] [内存消耗：5,033.39kb] [文件加载：53]
[ info ] [ LANG ] D:\wamp64\www\cdyy\thinkphp\lang\zh-cn.php
[ info ] [ ROUTE ] array (
  'type' => 'module',
  'module' => 
  array (
    0 => 'admin',
    1 => 'art',
    2 => 'artlist',
  ),
)
[ info ] [ HEADER ] array (
  'host' => 'www.cdyy.com',
  'connection' => 'keep-alive',
  'accept' => 'application/json, text/javascript, */*; q=0.01',
  'x-requested-with' => 'XMLHttpRequest',
  'user-agent' => 'Mozilla/5.0 (Windows NT 5.1) AppleWebKit/537.36 (KHTML, like Gecko) Maxthon/5.0 Chrome/55.0.2883.75 Safari/537.36',
  'dnt' => '1',
  'referer' => 'http://www.cdyy.com/admin/art/index.html?id=1',
  'accept-encoding' => 'gzip, deflate',
  'accept-language' => 'zh-CN',
  'cookie' => 'thinkphp_show_page_trace=0|0; UM_distinctid=161eff712a0a1-0f790bb8cc872e-2569791b-100200-161eff712a145a; YPF8827340282Jdskjhfiw_928937459182JAX666=176.122.159.200; uid=www5a9ba399cb7bb9.60490532; PHPSESSID=c43hl9oqhq7hn2ajellf0h0mu5; CNZZDATA1256793290=1948844775-1520144149-%7C1520943366',
)
[ info ] [ PARAM ] array (
  'page' => '1',
  'limit' => '10',
  'id' => '1',
)
[ info ] [ RUN ] app\admin\controller\Art->artlist[ D:\wamp64\www\cdyy\application\admin\controller\Art.php ]
[ info ] [ SESSION ] INIT array (
  'id' => '',
  'var_session_id' => '',
  'prefix' => 'think',
  'type' => '',
  'auto_start' => true,
)
[ info ] [ DB ] INIT mysql
[ info ] [ LOG ] INIT File
[ sql ] [ DB ] CONNECT:[ UseTime:0.003032s ] mysql:host=127.0.0.1;port=3306;dbname=cdyy;charset=utf8
[ sql ] [ SQL ] SHOW COLUMNS FROM `user` [ RunTime:0.002722s ]
[ sql ] [ SQL ] SELECT * FROM `user` WHERE  `id` = 1 LIMIT 1 [ RunTime:0.001134s ]
[ sql ] [ SQL ] SHOW COLUMNS FROM `article` [ RunTime:0.028509s ]
[ sql ] [ SQL ] SELECT `id`,`title`,`username`,`gaiyao`,`time`,`status` FROM `article` WHERE  `articletype` = 1 LIMIT 0,10 [ RunTime:0.000751s ]
[ sql ] [ SQL ] SHOW COLUMNS FROM `gym` [ RunTime:0.038026s ]
[ sql ] [ SQL ] SELECT * FROM `gym` WHERE  `type` = 1 [ RunTime:0.000810s ]
---------------------------------------------------------------
[ 2018-03-13T21:26:20+08:00 ] 127.0.0.1 GET /admin/art/adda?id=1
[ info ] www.cdyy.com/admin/art/adda?id=1 [运行时间：0.124013s][吞吐率：8.06req/s] [内存消耗：5,101.08kb] [文件加载：56]
[ info ] [ LANG ] D:\wamp64\www\cdyy\thinkphp\lang\zh-cn.php
[ info ] [ ROUTE ] array (
  'type' => 'module',
  'module' => 
  array (
    0 => 'admin',
    1 => 'art',
    2 => 'adda',
  ),
)
[ info ] [ HEADER ] array (
  'host' => 'www.cdyy.com',
  'connection' => 'keep-alive',
  'upgrade-insecure-requests' => '1',
  'user-agent' => 'Mozilla/5.0 (Windows NT 5.1) AppleWebKit/537.36 (KHTML, like Gecko) Maxthon/5.0 Chrome/55.0.2883.75 Safari/537.36',
  'accept' => 'text/html,application/xhtml+xml,application/xml;q=0.9,image/webp,*/*;q=0.8',
  'dnt' => '1',
  'referer' => 'http://www.cdyy.com/admin/art/index.html?id=1',
  'accept-encoding' => 'gzip, deflate',
  'accept-language' => 'zh-CN',
  'cookie' => 'thinkphp_show_page_trace=0|0; UM_distinctid=161eff712a0a1-0f790bb8cc872e-2569791b-100200-161eff712a145a; YPF8827340282Jdskjhfiw_928937459182JAX666=176.122.159.200; uid=www5a9ba399cb7bb9.60490532; PHPSESSID=c43hl9oqhq7hn2ajellf0h0mu5; CNZZDATA1256793290=1948844775-1520144149-%7C1520943366',
)
[ info ] [ PARAM ] array (
  'id' => '1',
)
[ info ] [ RUN ] app\admin\controller\Art->adda[ D:\wamp64\www\cdyy\application\admin\controller\Art.php ]
[ info ] [ SESSION ] INIT array (
  'id' => '',
  'var_session_id' => '',
  'prefix' => 'think',
  'type' => '',
  'auto_start' => true,
)
[ info ] [ DB ] INIT mysql
[ info ] [ VIEW ] D:\wamp64\www\cdyy\public/../application/admin\view\art\adda.html [ array (
  0 => 'aid',
) ]
[ info ] [ LOG ] INIT File
[ sql ] [ DB ] CONNECT:[ UseTime:0.002834s ] mysql:host=127.0.0.1;port=3306;dbname=cdyy;charset=utf8
[ sql ] [ SQL ] SHOW COLUMNS FROM `user` [ RunTime:0.001933s ]
[ sql ] [ SQL ] SELECT * FROM `user` WHERE  `id` = 1 LIMIT 1 [ RunTime:0.000963s ]
---------------------------------------------------------------
[ 2018-03-13T21:26:25+08:00 ] 127.0.0.1 GET /admin/art/addar.html?title=2312312&aid=1&keyword=32131231231&contents=%3Cp%3E%3Cbr%3E%3C%2Fp%3E
[ info ] www.cdyy.com/admin/art/addar.html?title=2312312&aid=1&keyword=32131231231&contents=%3Cp%3E%3Cbr%3E%3C%2Fp%3E [运行时间：0.118180s][吞吐率：8.46req/s] [内存消耗：5,054.15kb] [文件加载：57]
[ info ] [ LANG ] D:\wamp64\www\cdyy\thinkphp\lang\zh-cn.php
[ info ] [ ROUTE ] array (
  'type' => 'module',
  'module' => 
  array (
    0 => 'admin',
    1 => 'art',
    2 => 'addar',
  ),
)
[ info ] [ HEADER ] array (
  'host' => 'www.cdyy.com',
  'connection' => 'keep-alive',
  'upgrade-insecure-requests' => '1',
  'user-agent' => 'Mozilla/5.0 (Windows NT 5.1) AppleWebKit/537.36 (KHTML, like Gecko) Maxthon/5.0 Chrome/55.0.2883.75 Safari/537.36',
  'accept' => 'text/html,application/xhtml+xml,application/xml;q=0.9,image/webp,*/*;q=0.8',
  'dnt' => '1',
  'referer' => 'http://www.cdyy.com/admin/art/adda?id=1',
  'accept-encoding' => 'gzip, deflate',
  'accept-language' => 'zh-CN',
  'cookie' => 'thinkphp_show_page_trace=0|0; UM_distinctid=161eff712a0a1-0f790bb8cc872e-2569791b-100200-161eff712a145a; YPF8827340282Jdskjhfiw_928937459182JAX666=176.122.159.200; uid=www5a9ba399cb7bb9.60490532; PHPSESSID=c43hl9oqhq7hn2ajellf0h0mu5; CNZZDATA1256793290=1948844775-1520144149-%7C1520943366',
)
[ info ] [ PARAM ] array (
  'title' => '2312312',
  'aid' => '1',
  'keyword' => '32131231231',
  'contents' => '<p><br></p>',
)
[ info ] [ RUN ] app\admin\controller\Art->addar[ D:\wamp64\www\cdyy\application\admin\controller\Art.php ]
[ info ] [ SESSION ] INIT array (
  'id' => '',
  'var_session_id' => '',
  'prefix' => 'think',
  'type' => '',
  'auto_start' => true,
)
[ info ] [ DB ] INIT mysql
[ info ] [ VIEW ] D:\wamp64\www\cdyy\thinkphp\tpl\dispatch_jump.tpl [ array (
  0 => 'code',
  1 => 'msg',
  2 => 'data',
  3 => 'url',
  4 => 'wait',
) ]
[ info ] [ LOG ] INIT File
[ sql ] [ DB ] CONNECT:[ UseTime:0.012040s ] mysql:host=127.0.0.1;port=3306;dbname=cdyy;charset=utf8
[ sql ] [ SQL ] SHOW COLUMNS FROM `user` [ RunTime:0.001446s ]
[ sql ] [ SQL ] SELECT * FROM `user` WHERE  `id` = 1 LIMIT 1 [ RunTime:0.000886s ]
[ sql ] [ SQL ] SHOW COLUMNS FROM `article` [ RunTime:0.001251s ]
[ sql ] [ SQL ] INSERT INTO `article` (`title` , `time` , `userid` , `username` , `content` , `gaiyao` , `status` , `articletype`) VALUES ('2312312' , '2018-03-13 21:26:24' , 1 , 'admin' , '<p><br></p>' , '32131231231' , 1 , 1) [ RunTime:0.020774s ]
---------------------------------------------------------------
[ 2018-03-13T21:26:27+08:00 ] 127.0.0.1 GET /admin/art/find?page=1&limit=10&id=1&name=
[ info ] www.cdyy.com/admin/art/find?page=1&limit=10&id=1&name= [运行时间：0.075311s][吞吐率：13.28req/s] [内存消耗：5,068.96kb] [文件加载：55]
[ info ] [ LANG ] D:\wamp64\www\cdyy\thinkphp\lang\zh-cn.php
[ info ] [ ROUTE ] array (
  'type' => 'module',
  'module' => 
  array (
    0 => 'admin',
    1 => 'art',
    2 => 'find',
  ),
)
[ info ] [ HEADER ] array (
  'host' => 'www.cdyy.com',
  'connection' => 'keep-alive',
  'accept' => 'application/json, text/javascript, */*; q=0.01',
  'x-requested-with' => 'XMLHttpRequest',
  'user-agent' => 'Mozilla/5.0 (Windows NT 5.1) AppleWebKit/537.36 (KHTML, like Gecko) Maxthon/5.0 Chrome/55.0.2883.75 Safari/537.36',
  'dnt' => '1',
  'referer' => 'http://www.cdyy.com/admin/art/index.html?id=1',
  'accept-encoding' => 'gzip, deflate',
  'accept-language' => 'zh-CN',
  'cookie' => 'thinkphp_show_page_trace=0|0; UM_distinctid=161eff712a0a1-0f790bb8cc872e-2569791b-100200-161eff712a145a; YPF8827340282Jdskjhfiw_928937459182JAX666=176.122.159.200; uid=www5a9ba399cb7bb9.60490532; PHPSESSID=c43hl9oqhq7hn2ajellf0h0mu5; CNZZDATA1256793290=1948844775-1520144149-%7C1520943366',
)
[ info ] [ PARAM ] array (
  'page' => '1',
  'limit' => '10',
  'id' => '1',
  'name' => '',
)
[ info ] [ RUN ] app\admin\controller\Art->find[ D:\wamp64\www\cdyy\application\admin\controller\Art.php ]
[ info ] [ SESSION ] INIT array (
  'id' => '',
  'var_session_id' => '',
  'prefix' => 'think',
  'type' => '',
  'auto_start' => true,
)
[ info ] [ DB ] INIT mysql
[ info ] [ LOG ] INIT File
[ sql ] [ DB ] CONNECT:[ UseTime:0.002050s ] mysql:host=127.0.0.1;port=3306;dbname=cdyy;charset=utf8
[ sql ] [ SQL ] SHOW COLUMNS FROM `user` [ RunTime:0.001284s ]
[ sql ] [ SQL ] SELECT * FROM `user` WHERE  `id` = 1 LIMIT 1 [ RunTime:0.000693s ]
---------------------------------------------------------------
[ 2018-03-13T21:26:28+08:00 ] 127.0.0.1 GET /admin/art/artlist/id/1.html
[ info ] www.cdyy.com/admin/art/artlist/id/1.html [运行时间：0.079455s][吞吐率：12.59req/s] [内存消耗：5,037.85kb] [文件加载：53]
[ info ] [ LANG ] D:\wamp64\www\cdyy\thinkphp\lang\zh-cn.php
[ info ] [ ROUTE ] array (
  'type' => 'module',
  'module' => 
  array (
    0 => 'admin',
    1 => 'art',
    2 => 'artlist',
  ),
)
[ info ] [ HEADER ] array (
  'host' => 'www.cdyy.com',
  'connection' => 'keep-alive',
  'accept' => 'application/json, text/javascript, */*; q=0.01',
  'x-requested-with' => 'XMLHttpRequest',
  'user-agent' => 'Mozilla/5.0 (Windows NT 5.1) AppleWebKit/537.36 (KHTML, like Gecko) Maxthon/5.0 Chrome/55.0.2883.75 Safari/537.36',
  'dnt' => '1',
  'referer' => 'http://www.cdyy.com/admin/art/index.html?id=1',
  'accept-encoding' => 'gzip, deflate',
  'accept-language' => 'zh-CN',
  'cookie' => 'thinkphp_show_page_trace=0|0; UM_distinctid=161eff712a0a1-0f790bb8cc872e-2569791b-100200-161eff712a145a; YPF8827340282Jdskjhfiw_928937459182JAX666=176.122.159.200; uid=www5a9ba399cb7bb9.60490532; PHPSESSID=c43hl9oqhq7hn2ajellf0h0mu5; CNZZDATA1256793290=1948844775-1520144149-%7C1520943366',
)
[ info ] [ PARAM ] array (
  'id' => '1',
)
[ info ] [ RUN ] app\admin\controller\Art->artlist[ D:\wamp64\www\cdyy\application\admin\controller\Art.php ]
[ info ] [ SESSION ] INIT array (
  'id' => '',
  'var_session_id' => '',
  'prefix' => 'think',
  'type' => '',
  'auto_start' => true,
)
[ info ] [ DB ] INIT mysql
[ info ] [ LOG ] INIT File
[ sql ] [ DB ] CONNECT:[ UseTime:0.002039s ] mysql:host=127.0.0.1;port=3306;dbname=cdyy;charset=utf8
[ sql ] [ SQL ] SHOW COLUMNS FROM `user` [ RunTime:0.001183s ]
[ sql ] [ SQL ] SELECT * FROM `user` WHERE  `id` = 1 LIMIT 1 [ RunTime:0.000709s ]
[ sql ] [ SQL ] SHOW COLUMNS FROM `article` [ RunTime:0.001191s ]
[ sql ] [ SQL ] SELECT `id`,`title`,`username`,`gaiyao`,`time`,`status` FROM `article` WHERE  `articletype` = 1 LIMIT 0,10 [ RunTime:0.001058s ]
[ sql ] [ SQL ] SHOW COLUMNS FROM `gym` [ RunTime:0.002291s ]
[ sql ] [ SQL ] SELECT * FROM `gym` WHERE  `type` = 1 [ RunTime:0.000736s ]
---------------------------------------------------------------
[ 2018-03-13T21:26:59+08:00 ] 127.0.0.1 GET /admin/place/index.html?id=1
[ info ] www.cdyy.com/admin/place/index.html?id=1 [运行时间：0.113078s][吞吐率：8.84req/s] [内存消耗：5,444.16kb] [文件加载：60]
[ info ] [ LANG ] D:\wamp64\www\cdyy\thinkphp\lang\zh-cn.php
[ info ] [ ROUTE ] array (
  'type' => 'module',
  'module' => 
  array (
    0 => 'admin',
    1 => 'place',
    2 => 'index',
  ),
)
[ info ] [ HEADER ] array (
  'host' => 'www.cdyy.com',
  'connection' => 'keep-alive',
  'upgrade-insecure-requests' => '1',
  'user-agent' => 'Mozilla/5.0 (Windows NT 5.1) AppleWebKit/537.36 (KHTML, like Gecko) Maxthon/5.0 Chrome/55.0.2883.75 Safari/537.36',
  'accept' => 'text/html,application/xhtml+xml,application/xml;q=0.9,image/webp,*/*;q=0.8',
  'dnt' => '1',
  'referer' => 'http://www.cdyy.com/admin/art/index.html?id=1',
  'accept-encoding' => 'gzip, deflate',
  'accept-language' => 'zh-CN',
  'cookie' => 'UM_distinctid=161eff712a0a1-0f790bb8cc872e-2569791b-100200-161eff712a145a; YPF8827340282Jdskjhfiw_928937459182JAX666=176.122.159.200; uid=www5a9ba399cb7bb9.60490532; PHPSESSID=c43hl9oqhq7hn2ajellf0h0mu5; CNZZDATA1256793290=1948844775-1520144149-%7C1520943366',
)
[ info ] [ PARAM ] array (
  'id' => '1',
)
[ info ] [ RUN ] app\admin\controller\Place->index[ D:\wamp64\www\cdyy\application\admin\controller\Place.php ]
[ info ] [ SESSION ] INIT array (
  'id' => '',
  'var_session_id' => '',
  'prefix' => 'think',
  'type' => '',
  'auto_start' => true,
)
[ info ] [ DB ] INIT mysql
[ info ] [ VIEW ] D:\wamp64\www\cdyy\public/../application/admin\view\place\index.html [ array (
  0 => 'name',
  1 => 'list1',
  2 => 'list2',
  3 => 'uid',
  4 => 'list3',
  5 => 'cd',
  6 => 'pid',
) ]
[ info ] [ LOG ] INIT File
[ sql ] [ DB ] CONNECT:[ UseTime:0.001914s ] mysql:host=127.0.0.1;port=3306;dbname=cdyy;charset=utf8
[ sql ] [ SQL ] SHOW COLUMNS FROM `user` [ RunTime:0.001537s ]
[ sql ] [ SQL ] SELECT * FROM `user` WHERE  `id` = 1 LIMIT 1 [ RunTime:0.000896s ]
[ sql ] [ SQL ] SHOW COLUMNS FROM `usertype` [ RunTime:0.002134s ]
[ sql ] [ SQL ] SELECT * FROM `usertype` [ RunTime:0.000631s ]
[ sql ] [ SQL ] SHOW COLUMNS FROM `articletype` [ RunTime:0.001217s ]
[ sql ] [ SQL ] SELECT * FROM `articletype` [ RunTime:0.000788s ]
[ sql ] [ SQL ] SHOW COLUMNS FROM `gymtype` [ RunTime:0.001366s ]
[ sql ] [ SQL ] SELECT * FROM `gymtype` [ RunTime:0.000535s ]
[ sql ] [ SQL ] SELECT * FROM `gymtype` WHERE  `id` = 1 LIMIT 1 [ RunTime:0.000832s ]
---------------------------------------------------------------
[ 2018-03-13T21:26:59+08:00 ] 127.0.0.1 GET /admin/place/placelist?page=1&limit=10&id=1
[ info ] www.cdyy.com/admin/place/placelist?page=1&limit=10&id=1 [运行时间：0.110870s][吞吐率：9.02req/s] [内存消耗：4,988.30kb] [文件加载：52]
[ info ] [ LANG ] D:\wamp64\www\cdyy\thinkphp\lang\zh-cn.php
[ info ] [ ROUTE ] array (
  'type' => 'module',
  'module' => 
  array (
    0 => 'admin',
    1 => 'place',
    2 => 'placelist',
  ),
)
[ info ] [ HEADER ] array (
  'host' => 'www.cdyy.com',
  'connection' => 'keep-alive',
  'accept' => 'application/json, text/javascript, */*; q=0.01',
  'x-requested-with' => 'XMLHttpRequest',
  'user-agent' => 'Mozilla/5.0 (Windows NT 5.1) AppleWebKit/537.36 (KHTML, like Gecko) Maxthon/5.0 Chrome/55.0.2883.75 Safari/537.36',
  'dnt' => '1',
  'referer' => 'http://www.cdyy.com/admin/place/index.html?id=1',
  'accept-encoding' => 'gzip, deflate',
  'accept-language' => 'zh-CN',
  'cookie' => 'thinkphp_show_page_trace=0|0; UM_distinctid=161eff712a0a1-0f790bb8cc872e-2569791b-100200-161eff712a145a; YPF8827340282Jdskjhfiw_928937459182JAX666=176.122.159.200; uid=www5a9ba399cb7bb9.60490532; PHPSESSID=c43hl9oqhq7hn2ajellf0h0mu5; CNZZDATA1256793290=1948844775-1520144149-%7C1520943366',
)
[ info ] [ PARAM ] array (
  'page' => '1',
  'limit' => '10',
  'id' => '1',
)
[ info ] [ RUN ] app\admin\controller\Place->placelist[ D:\wamp64\www\cdyy\application\admin\controller\Place.php ]
[ info ] [ SESSION ] INIT array (
  'id' => '',
  'var_session_id' => '',
  'prefix' => 'think',
  'type' => '',
  'auto_start' => true,
)
[ info ] [ DB ] INIT mysql
[ info ] [ LOG ] INIT File
[ sql ] [ DB ] CONNECT:[ UseTime:0.002088s ] mysql:host=127.0.0.1;port=3306;dbname=cdyy;charset=utf8
[ sql ] [ SQL ] SHOW COLUMNS FROM `user` [ RunTime:0.001689s ]
[ sql ] [ SQL ] SELECT * FROM `user` WHERE  `id` = 1 LIMIT 1 [ RunTime:0.001225s ]
[ sql ] [ SQL ] SHOW COLUMNS FROM `gym` [ RunTime:0.001722s ]
[ sql ] [ SQL ] SELECT `id`,`name`,`introduction`,`pictureurl`,`status` FROM `gym` WHERE  `type` = 1 LIMIT 0,10 [ RunTime:0.001178s ]
[ sql ] [ SQL ] SELECT * FROM `gym` WHERE  `type` = 1 [ RunTime:0.001705s ]
---------------------------------------------------------------
[ 2018-03-13T21:27:01+08:00 ] 127.0.0.1 GET /admin/buildings/index.html
[ info ] www.cdyy.com/admin/buildings/index.html [运行时间：0.125046s][吞吐率：8.00req/s] [内存消耗：5,430.37kb] [文件加载：60]
[ info ] [ LANG ] D:\wamp64\www\cdyy\thinkphp\lang\zh-cn.php
[ info ] [ ROUTE ] array (
  'type' => 'module',
  'module' => 
  array (
    0 => 'admin',
    1 => 'buildings',
    2 => 'index',
  ),
)
[ info ] [ HEADER ] array (
  'host' => 'www.cdyy.com',
  'connection' => 'keep-alive',
  'upgrade-insecure-requests' => '1',
  'user-agent' => 'Mozilla/5.0 (Windows NT 5.1) AppleWebKit/537.36 (KHTML, like Gecko) Maxthon/5.0 Chrome/55.0.2883.75 Safari/537.36',
  'accept' => 'text/html,application/xhtml+xml,application/xml;q=0.9,image/webp,*/*;q=0.8',
  'dnt' => '1',
  'referer' => 'http://www.cdyy.com/admin/place/index.html?id=1',
  'accept-encoding' => 'gzip, deflate',
  'accept-language' => 'zh-CN',
  'cookie' => 'UM_distinctid=161eff712a0a1-0f790bb8cc872e-2569791b-100200-161eff712a145a; YPF8827340282Jdskjhfiw_928937459182JAX666=176.122.159.200; uid=www5a9ba399cb7bb9.60490532; PHPSESSID=c43hl9oqhq7hn2ajellf0h0mu5; CNZZDATA1256793290=1948844775-1520144149-%7C1520943366',
)
[ info ] [ PARAM ] array (
)
[ info ] [ RUN ] app\admin\controller\Buildings->index[ D:\wamp64\www\cdyy\application\admin\controller\Buildings.php ]
[ info ] [ SESSION ] INIT array (
  'id' => '',
  'var_session_id' => '',
  'prefix' => 'think',
  'type' => '',
  'auto_start' => true,
)
[ info ] [ DB ] INIT mysql
[ info ] [ VIEW ] D:\wamp64\www\cdyy\public/../application/admin\view\buildings\index.html [ array (
  0 => 'name',
  1 => 'list1',
  2 => 'list2',
  3 => 'list3',
) ]
[ info ] [ LOG ] INIT File
[ sql ] [ DB ] CONNECT:[ UseTime:0.002098s ] mysql:host=127.0.0.1;port=3306;dbname=cdyy;charset=utf8
[ sql ] [ SQL ] SHOW COLUMNS FROM `user` [ RunTime:0.001595s ]
[ sql ] [ SQL ] SELECT * FROM `user` WHERE  `id` = 1 LIMIT 1 [ RunTime:0.001137s ]
[ sql ] [ SQL ] SHOW COLUMNS FROM `usertype` [ RunTime:0.001614s ]
[ sql ] [ SQL ] SELECT * FROM `usertype` [ RunTime:0.000962s ]
[ sql ] [ SQL ] SHOW COLUMNS FROM `articletype` [ RunTime:0.001668s ]
[ sql ] [ SQL ] SELECT * FROM `articletype` [ RunTime:0.000739s ]
[ sql ] [ SQL ] SHOW COLUMNS FROM `gymtype` [ RunTime:0.002104s ]
[ sql ] [ SQL ] SELECT * FROM `gymtype` [ RunTime:0.000916s ]
---------------------------------------------------------------
[ 2018-03-13T21:27:02+08:00 ] 127.0.0.1 GET /admin/buildings/buildinglist?page=1&limit=10
[ info ] www.cdyy.com/admin/buildings/buildinglist?page=1&limit=10 [运行时间：0.127582s][吞吐率：7.84req/s] [内存消耗：4,987.55kb] [文件加载：52]
[ info ] [ LANG ] D:\wamp64\www\cdyy\thinkphp\lang\zh-cn.php
[ info ] [ ROUTE ] array (
  'type' => 'module',
  'module' => 
  array (
    0 => 'admin',
    1 => 'buildings',
    2 => 'buildinglist',
  ),
)
[ info ] [ HEADER ] array (
  'host' => 'www.cdyy.com',
  'connection' => 'keep-alive',
  'accept' => 'application/json, text/javascript, */*; q=0.01',
  'x-requested-with' => 'XMLHttpRequest',
  'user-agent' => 'Mozilla/5.0 (Windows NT 5.1) AppleWebKit/537.36 (KHTML, like Gecko) Maxthon/5.0 Chrome/55.0.2883.75 Safari/537.36',
  'dnt' => '1',
  'referer' => 'http://www.cdyy.com/admin/buildings/index.html',
  'accept-encoding' => 'gzip, deflate',
  'accept-language' => 'zh-CN',
  'cookie' => 'thinkphp_show_page_trace=0|0; UM_distinctid=161eff712a0a1-0f790bb8cc872e-2569791b-100200-161eff712a145a; YPF8827340282Jdskjhfiw_928937459182JAX666=176.122.159.200; uid=www5a9ba399cb7bb9.60490532; PHPSESSID=c43hl9oqhq7hn2ajellf0h0mu5; CNZZDATA1256793290=1948844775-1520144149-%7C1520943366',
)
[ info ] [ PARAM ] array (
  'page' => '1',
  'limit' => '10',
)
[ info ] [ RUN ] app\admin\controller\Buildings->buildinglist[ D:\wamp64\www\cdyy\application\admin\controller\Buildings.php ]
[ info ] [ SESSION ] INIT array (
  'id' => '',
  'var_session_id' => '',
  'prefix' => 'think',
  'type' => '',
  'auto_start' => true,
)
[ info ] [ DB ] INIT mysql
[ info ] [ LOG ] INIT File
[ sql ] [ DB ] CONNECT:[ UseTime:0.001972s ] mysql:host=127.0.0.1;port=3306;dbname=cdyy;charset=utf8
[ sql ] [ SQL ] SHOW COLUMNS FROM `user` [ RunTime:0.001622s ]
[ sql ] [ SQL ] SELECT * FROM `user` WHERE  `id` = 1 LIMIT 1 [ RunTime:0.001531s ]
[ sql ] [ SQL ] SHOW COLUMNS FROM `building` [ RunTime:0.031535s ]
[ sql ] [ SQL ] SELECT `id`,`name`,`introduction`,`pictureurl`,`status` FROM `building` LIMIT 0,10 [ RunTime:0.000777s ]
[ sql ] [ SQL ] SELECT * FROM `building` [ RunTime:0.000719s ]
---------------------------------------------------------------
[ 2018-03-13T21:27:02+08:00 ] 127.0.0.1 GET /admin/usermanage/index.html?id=1
[ info ] www.cdyy.com/admin/usermanage/index.html?id=1 [运行时间：0.103583s][吞吐率：9.65req/s] [内存消耗：5,390.18kb] [文件加载：59]
[ info ] [ LANG ] D:\wamp64\www\cdyy\thinkphp\lang\zh-cn.php
[ info ] [ ROUTE ] array (
  'type' => 'module',
  'module' => 
  array (
    0 => 'admin',
    1 => 'usermanage',
    2 => 'index',
  ),
)
[ info ] [ HEADER ] array (
  'host' => 'www.cdyy.com',
  'connection' => 'keep-alive',
  'upgrade-insecure-requests' => '1',
  'user-agent' => 'Mozilla/5.0 (Windows NT 5.1) AppleWebKit/537.36 (KHTML, like Gecko) Maxthon/5.0 Chrome/55.0.2883.75 Safari/537.36',
  'accept' => 'text/html,application/xhtml+xml,application/xml;q=0.9,image/webp,*/*;q=0.8',
  'dnt' => '1',
  'referer' => 'http://www.cdyy.com/admin/buildings/index.html',
  'accept-encoding' => 'gzip, deflate',
  'accept-language' => 'zh-CN',
  'cookie' => 'UM_distinctid=161eff712a0a1-0f790bb8cc872e-2569791b-100200-161eff712a145a; YPF8827340282Jdskjhfiw_928937459182JAX666=176.122.159.200; uid=www5a9ba399cb7bb9.60490532; PHPSESSID=c43hl9oqhq7hn2ajellf0h0mu5; CNZZDATA1256793290=1948844775-1520144149-%7C1520943366',
)
[ info ] [ PARAM ] array (
  'id' => '1',
)
[ info ] [ RUN ] app\admin\controller\Usermanage->index[ D:\wamp64\www\cdyy\application\admin\controller\Usermanage.php ]
[ info ] [ SESSION ] INIT array (
  'id' => '',
  'var_session_id' => '',
  'prefix' => 'think',
  'type' => '',
  'auto_start' => true,
)
[ info ] [ DB ] INIT mysql
[ info ] [ VIEW ] D:\wamp64\www\cdyy\public/../application/admin\view\usermanage\index.html [ array (
  0 => 'name',
  1 => 'list1',
  2 => 'list2',
  3 => 'typename',
  4 => 'uid',
  5 => 'list3',
) ]
[ info ] [ LOG ] INIT File
[ sql ] [ DB ] CONNECT:[ UseTime:0.001816s ] mysql:host=127.0.0.1;port=3306;dbname=cdyy;charset=utf8
[ sql ] [ SQL ] SHOW COLUMNS FROM `usertype` [ RunTime:0.001146s ]
[ sql ] [ SQL ] SELECT * FROM `usertype` [ RunTime:0.000787s ]
[ sql ] [ SQL ] SHOW COLUMNS FROM `articletype` [ RunTime:0.001337s ]
[ sql ] [ SQL ] SELECT * FROM `articletype` [ RunTime:0.000649s ]
[ sql ] [ SQL ] SELECT * FROM `usertype` WHERE  `id` = 1 LIMIT 1 [ RunTime:0.000651s ]
[ sql ] [ SQL ] SHOW COLUMNS FROM `gymtype` [ RunTime:0.001206s ]
[ sql ] [ SQL ] SELECT * FROM `gymtype` [ RunTime:0.000480s ]
---------------------------------------------------------------
[ 2018-03-13T21:27:03+08:00 ] 127.0.0.1 GET /admin/usermanage/userlist?page=1&limit=10&id=1
[ info ] www.cdyy.com/admin/usermanage/userlist?page=1&limit=10&id=1 [运行时间：0.107601s][吞吐率：9.29req/s] [内存消耗：4,979.13kb] [文件加载：52]
[ info ] [ LANG ] D:\wamp64\www\cdyy\thinkphp\lang\zh-cn.php
[ info ] [ ROUTE ] array (
  'type' => 'module',
  'module' => 
  array (
    0 => 'admin',
    1 => 'usermanage',
    2 => 'userlist',
  ),
)
[ info ] [ HEADER ] array (
  'host' => 'www.cdyy.com',
  'connection' => 'keep-alive',
  'accept' => 'application/json, text/javascript, */*; q=0.01',
  'x-requested-with' => 'XMLHttpRequest',
  'user-agent' => 'Mozilla/5.0 (Windows NT 5.1) AppleWebKit/537.36 (KHTML, like Gecko) Maxthon/5.0 Chrome/55.0.2883.75 Safari/537.36',
  'dnt' => '1',
  'referer' => 'http://www.cdyy.com/admin/usermanage/index.html?id=1',
  'accept-encoding' => 'gzip, deflate',
  'accept-language' => 'zh-CN',
  'cookie' => 'thinkphp_show_page_trace=0|0; UM_distinctid=161eff712a0a1-0f790bb8cc872e-2569791b-100200-161eff712a145a; YPF8827340282Jdskjhfiw_928937459182JAX666=176.122.159.200; uid=www5a9ba399cb7bb9.60490532; PHPSESSID=c43hl9oqhq7hn2ajellf0h0mu5; CNZZDATA1256793290=1948844775-1520144149-%7C1520943366',
)
[ info ] [ PARAM ] array (
  'page' => '1',
  'limit' => '10',
  'id' => '1',
)
[ info ] [ RUN ] app\admin\controller\Usermanage->userlist[ D:\wamp64\www\cdyy\application\admin\controller\Usermanage.php ]
[ info ] [ SESSION ] INIT array (
  'id' => '',
  'var_session_id' => '',
  'prefix' => 'think',
  'type' => '',
  'auto_start' => true,
)
[ info ] [ DB ] INIT mysql
[ info ] [ LOG ] INIT File
[ sql ] [ DB ] CONNECT:[ UseTime:0.003022s ] mysql:host=127.0.0.1;port=3306;dbname=cdyy;charset=utf8
[ sql ] [ SQL ] SHOW COLUMNS FROM `usertype` [ RunTime:0.002692s ]
[ sql ] [ SQL ] SELECT * FROM `usertype` WHERE  `id` = 1 LIMIT 1 [ RunTime:0.001036s ]
[ sql ] [ SQL ] SHOW COLUMNS FROM `user` [ RunTime:0.002506s ]
[ sql ] [ SQL ] SELECT `id`,`name`,`mail`,`status`,`phonenumber`,`registertime`,`lastlogintime` FROM `user` WHERE  `usertype` = 1 LIMIT 0,10 [ RunTime:0.001080s ]
---------------------------------------------------------------
[ 2018-03-13T21:27:05+08:00 ] 127.0.0.1 GET /admin/art/index.html?id=1
[ info ] www.cdyy.com/admin/art/index.html?id=1 [运行时间：0.114817s][吞吐率：8.71req/s] [内存消耗：5,374.48kb] [文件加载：59]
[ info ] [ LANG ] D:\wamp64\www\cdyy\thinkphp\lang\zh-cn.php
[ info ] [ ROUTE ] array (
  'type' => 'module',
  'module' => 
  array (
    0 => 'admin',
    1 => 'art',
    2 => 'index',
  ),
)
[ info ] [ HEADER ] array (
  'host' => 'www.cdyy.com',
  'connection' => 'keep-alive',
  'upgrade-insecure-requests' => '1',
  'user-agent' => 'Mozilla/5.0 (Windows NT 5.1) AppleWebKit/537.36 (KHTML, like Gecko) Maxthon/5.0 Chrome/55.0.2883.75 Safari/537.36',
  'accept' => 'text/html,application/xhtml+xml,application/xml;q=0.9,image/webp,*/*;q=0.8',
  'dnt' => '1',
  'referer' => 'http://www.cdyy.com/admin/usermanage/index.html?id=1',
  'accept-encoding' => 'gzip, deflate',
  'accept-language' => 'zh-CN',
  'cookie' => 'thinkphp_show_page_trace=0|0; UM_distinctid=161eff712a0a1-0f790bb8cc872e-2569791b-100200-161eff712a145a; YPF8827340282Jdskjhfiw_928937459182JAX666=176.122.159.200; uid=www5a9ba399cb7bb9.60490532; PHPSESSID=c43hl9oqhq7hn2ajellf0h0mu5; CNZZDATA1256793290=1948844775-1520144149-%7C1520943366',
)
[ info ] [ PARAM ] array (
  'id' => '1',
)
[ info ] [ RUN ] app\admin\controller\Art->index[ D:\wamp64\www\cdyy\application\admin\controller\Art.php ]
[ info ] [ SESSION ] INIT array (
  'id' => '',
  'var_session_id' => '',
  'prefix' => 'think',
  'type' => '',
  'auto_start' => true,
)
[ info ] [ DB ] INIT mysql
[ info ] [ VIEW ] D:\wamp64\www\cdyy\public/../application/admin\view\art\index.html [ array (
  0 => 'name',
  1 => 'list1',
  2 => 'list2',
  3 => 'list3',
  4 => 'artt',
  5 => 'aid',
) ]
[ info ] [ LOG ] INIT File
[ sql ] [ DB ] CONNECT:[ UseTime:0.001787s ] mysql:host=127.0.0.1;port=3306;dbname=cdyy;charset=utf8
[ sql ] [ SQL ] SHOW COLUMNS FROM `usertype` [ RunTime:0.001150s ]
[ sql ] [ SQL ] SELECT * FROM `usertype` [ RunTime:0.000745s ]
[ sql ] [ SQL ] SHOW COLUMNS FROM `articletype` [ RunTime:0.001442s ]
[ sql ] [ SQL ] SELECT * FROM `articletype` [ RunTime:0.000802s ]
[ sql ] [ SQL ] SHOW COLUMNS FROM `gymtype` [ RunTime:0.001566s ]
[ sql ] [ SQL ] SELECT * FROM `gymtype` [ RunTime:0.001096s ]
[ sql ] [ SQL ] SELECT * FROM `articletype` WHERE  `id` = 1 LIMIT 1 [ RunTime:0.000696s ]
---------------------------------------------------------------
[ 2018-03-13T21:27:05+08:00 ] 127.0.0.1 GET /admin/art/artlist?page=1&limit=10&id=1
[ info ] www.cdyy.com/admin/art/artlist?page=1&limit=10&id=1 [运行时间：0.103907s][吞吐率：9.62req/s] [内存消耗：5,037.69kb] [文件加载：53]
[ info ] [ LANG ] D:\wamp64\www\cdyy\thinkphp\lang\zh-cn.php
[ info ] [ ROUTE ] array (
  'type' => 'module',
  'module' => 
  array (
    0 => 'admin',
    1 => 'art',
    2 => 'artlist',
  ),
)
[ info ] [ HEADER ] array (
  'host' => 'www.cdyy.com',
  'connection' => 'keep-alive',
  'accept' => 'application/json, text/javascript, */*; q=0.01',
  'x-requested-with' => 'XMLHttpRequest',
  'user-agent' => 'Mozilla/5.0 (Windows NT 5.1) AppleWebKit/537.36 (KHTML, like Gecko) Maxthon/5.0 Chrome/55.0.2883.75 Safari/537.36',
  'dnt' => '1',
  'referer' => 'http://www.cdyy.com/admin/art/index.html?id=1',
  'accept-encoding' => 'gzip, deflate',
  'accept-language' => 'zh-CN',
  'cookie' => 'thinkphp_show_page_trace=0|0; UM_distinctid=161eff712a0a1-0f790bb8cc872e-2569791b-100200-161eff712a145a; YPF8827340282Jdskjhfiw_928937459182JAX666=176.122.159.200; uid=www5a9ba399cb7bb9.60490532; PHPSESSID=c43hl9oqhq7hn2ajellf0h0mu5; CNZZDATA1256793290=1948844775-1520144149-%7C1520943366',
)
[ info ] [ PARAM ] array (
  'page' => '1',
  'limit' => '10',
  'id' => '1',
)
[ info ] [ RUN ] app\admin\controller\Art->artlist[ D:\wamp64\www\cdyy\application\admin\controller\Art.php ]
[ info ] [ SESSION ] INIT array (
  'id' => '',
  'var_session_id' => '',
  'prefix' => 'think',
  'type' => '',
  'auto_start' => true,
)
[ info ] [ DB ] INIT mysql
[ info ] [ LOG ] INIT File
[ sql ] [ DB ] CONNECT:[ UseTime:0.002645s ] mysql:host=127.0.0.1;port=3306;dbname=cdyy;charset=utf8
[ sql ] [ SQL ] SHOW COLUMNS FROM `user` [ RunTime:0.001654s ]
[ sql ] [ SQL ] SELECT * FROM `user` WHERE  `id` = 1 LIMIT 1 [ RunTime:0.000895s ]
[ sql ] [ SQL ] SHOW COLUMNS FROM `article` [ RunTime:0.001970s ]
[ sql ] [ SQL ] SELECT `id`,`title`,`username`,`gaiyao`,`time`,`status` FROM `article` WHERE  `articletype` = 1 LIMIT 0,10 [ RunTime:0.001107s ]
[ sql ] [ SQL ] SHOW COLUMNS FROM `gym` [ RunTime:0.001681s ]
[ sql ] [ SQL ] SELECT * FROM `gym` WHERE  `type` = 1 [ RunTime:0.001039s ]
---------------------------------------------------------------
[ 2018-03-13T21:27:10+08:00 ] 127.0.0.1 GET /admin/place/index.html?id=1
[ info ] www.cdyy.com/admin/place/index.html?id=1 [运行时间：0.109749s][吞吐率：9.11req/s] [内存消耗：5,444.02kb] [文件加载：60]
[ info ] [ LANG ] D:\wamp64\www\cdyy\thinkphp\lang\zh-cn.php
[ info ] [ ROUTE ] array (
  'type' => 'module',
  'module' => 
  array (
    0 => 'admin',
    1 => 'place',
    2 => 'index',
  ),
)
[ info ] [ HEADER ] array (
  'host' => 'www.cdyy.com',
  'connection' => 'keep-alive',
  'upgrade-insecure-requests' => '1',
  'user-agent' => 'Mozilla/5.0 (Windows NT 5.1) AppleWebKit/537.36 (KHTML, like Gecko) Maxthon/5.0 Chrome/55.0.2883.75 Safari/537.36',
  'accept' => 'text/html,application/xhtml+xml,application/xml;q=0.9,image/webp,*/*;q=0.8',
  'dnt' => '1',
  'referer' => 'http://www.cdyy.com/admin/art/index.html?id=1',
  'accept-encoding' => 'gzip, deflate',
  'accept-language' => 'zh-CN',
  'cookie' => 'thinkphp_show_page_trace=0|0; UM_distinctid=161eff712a0a1-0f790bb8cc872e-2569791b-100200-161eff712a145a; YPF8827340282Jdskjhfiw_928937459182JAX666=176.122.159.200; uid=www5a9ba399cb7bb9.60490532; PHPSESSID=c43hl9oqhq7hn2ajellf0h0mu5; CNZZDATA1256793290=1948844775-1520144149-%7C1520943366',
)
[ info ] [ PARAM ] array (
  'id' => '1',
)
[ info ] [ RUN ] app\admin\controller\Place->index[ D:\wamp64\www\cdyy\application\admin\controller\Place.php ]
[ info ] [ SESSION ] INIT array (
  'id' => '',
  'var_session_id' => '',
  'prefix' => 'think',
  'type' => '',
  'auto_start' => true,
)
[ info ] [ DB ] INIT mysql
[ info ] [ VIEW ] D:\wamp64\www\cdyy\public/../application/admin\view\place\index.html [ array (
  0 => 'name',
  1 => 'list1',
  2 => 'list2',
  3 => 'uid',
  4 => 'list3',
  5 => 'cd',
  6 => 'pid',
) ]
[ info ] [ LOG ] INIT File
[ sql ] [ DB ] CONNECT:[ UseTime:0.002026s ] mysql:host=127.0.0.1;port=3306;dbname=cdyy;charset=utf8
[ sql ] [ SQL ] SHOW COLUMNS FROM `user` [ RunTime:0.001739s ]
[ sql ] [ SQL ] SELECT * FROM `user` WHERE  `id` = 1 LIMIT 1 [ RunTime:0.000689s ]
[ sql ] [ SQL ] SHOW COLUMNS FROM `usertype` [ RunTime:0.001152s ]
[ sql ] [ SQL ] SELECT * FROM `usertype` [ RunTime:0.000604s ]
[ sql ] [ SQL ] SHOW COLUMNS FROM `articletype` [ RunTime:0.001327s ]
[ sql ] [ SQL ] SELECT * FROM `articletype` [ RunTime:0.000795s ]
[ sql ] [ SQL ] SHOW COLUMNS FROM `gymtype` [ RunTime:0.001478s ]
[ sql ] [ SQL ] SELECT * FROM `gymtype` [ RunTime:0.000707s ]
[ sql ] [ SQL ] SELECT * FROM `gymtype` WHERE  `id` = 1 LIMIT 1 [ RunTime:0.000799s ]
---------------------------------------------------------------
[ 2018-03-13T21:27:11+08:00 ] 127.0.0.1 GET /admin/place/placelist?page=1&limit=10&id=1
[ info ] www.cdyy.com/admin/place/placelist?page=1&limit=10&id=1 [运行时间：0.092292s][吞吐率：10.84req/s] [内存消耗：4,988.30kb] [文件加载：52]
[ info ] [ LANG ] D:\wamp64\www\cdyy\thinkphp\lang\zh-cn.php
[ info ] [ ROUTE ] array (
  'type' => 'module',
  'module' => 
  array (
    0 => 'admin',
    1 => 'place',
    2 => 'placelist',
  ),
)
[ info ] [ HEADER ] array (
  'host' => 'www.cdyy.com',
  'connection' => 'keep-alive',
  'accept' => 'application/json, text/javascript, */*; q=0.01',
  'x-requested-with' => 'XMLHttpRequest',
  'user-agent' => 'Mozilla/5.0 (Windows NT 5.1) AppleWebKit/537.36 (KHTML, like Gecko) Maxthon/5.0 Chrome/55.0.2883.75 Safari/537.36',
  'dnt' => '1',
  'referer' => 'http://www.cdyy.com/admin/place/index.html?id=1',
  'accept-encoding' => 'gzip, deflate',
  'accept-language' => 'zh-CN',
  'cookie' => 'thinkphp_show_page_trace=0|0; UM_distinctid=161eff712a0a1-0f790bb8cc872e-2569791b-100200-161eff712a145a; YPF8827340282Jdskjhfiw_928937459182JAX666=176.122.159.200; uid=www5a9ba399cb7bb9.60490532; PHPSESSID=c43hl9oqhq7hn2ajellf0h0mu5; CNZZDATA1256793290=1948844775-1520144149-%7C1520943366',
)
[ info ] [ PARAM ] array (
  'page' => '1',
  'limit' => '10',
  'id' => '1',
)
[ info ] [ RUN ] app\admin\controller\Place->placelist[ D:\wamp64\www\cdyy\application\admin\controller\Place.php ]
[ info ] [ SESSION ] INIT array (
  'id' => '',
  'var_session_id' => '',
  'prefix' => 'think',
  'type' => '',
  'auto_start' => true,
)
[ info ] [ DB ] INIT mysql
[ info ] [ LOG ] INIT File
[ sql ] [ DB ] CONNECT:[ UseTime:0.001802s ] mysql:host=127.0.0.1;port=3306;dbname=cdyy;charset=utf8
[ sql ] [ SQL ] SHOW COLUMNS FROM `user` [ RunTime:0.000936s ]
[ sql ] [ SQL ] SELECT * FROM `user` WHERE  `id` = 1 LIMIT 1 [ RunTime:0.000719s ]
[ sql ] [ SQL ] SHOW COLUMNS FROM `gym` [ RunTime:0.001949s ]
[ sql ] [ SQL ] SELECT `id`,`name`,`introduction`,`pictureurl`,`status` FROM `gym` WHERE  `type` = 1 LIMIT 0,10 [ RunTime:0.001138s ]
[ sql ] [ SQL ] SELECT * FROM `gym` WHERE  `type` = 1 [ RunTime:0.001035s ]
