---------------------------------------------------------------
[ 2018-03-18T00:00:04+08:00 ] 127.0.0.1 GET /index/index/login
[ info ] www.cdyy.com/index/index/login [运行时间：0.061903s][吞吐率：16.15req/s] [内存消耗：3,314.84kb] [文件加载：51]
[ info ] [ LANG ] D:\wamp64\www\cdyy\thinkphp\lang\zh-cn.php
[ info ] [ ROUTE ] array (
  'type' => 'module',
  'module' => 
  array (
    0 => 'index',
    1 => 'index',
    2 => 'login',
  ),
)
[ info ] [ HEADER ] array (
  'host' => 'www.cdyy.com',
  'connection' => 'keep-alive',
  'cache-control' => 'max-age=0',
  'upgrade-insecure-requests' => '1',
  'user-agent' => 'Mozilla/5.0 (Windows NT 5.1) AppleWebKit/537.36 (KHTML, like Gecko) Maxthon/5.0 Chrome/55.0.2883.75 Safari/537.36',
  'accept' => 'text/html,application/xhtml+xml,application/xml;q=0.9,image/webp,*/*;q=0.8',
  'dnt' => '1',
  'accept-encoding' => 'gzip, deflate',
  'accept-language' => 'zh-CN',
  'cookie' => 'thinkphp_show_page_trace=0|0; UM_distinctid=161eff712a0a1-0f790bb8cc872e-2569791b-100200-161eff712a145a; uid=www5a9ba399cb7bb9.60490532; CNZZDATA30088308=cnzz_eid%3D2112333325-1521272508-%26ntime%3D1521272508; CNZZDATA1256793290=1948844775-1520144149-%7C1521299773',
)
[ info ] [ PARAM ] array (
)
[ info ] [ RUN ] app\index\controller\Index->login[ D:\wamp64\www\cdyy\application\index\controller\Index.php ]
[ info ] [ VIEW ] D:\wamp64\www\cdyy\public/../application/index\view\index\login.html [ array (
) ]
[ info ] [ LOG ] INIT File
---------------------------------------------------------------
[ 2018-03-18T00:00:16+08:00 ] 127.0.0.1 GET /index/index/login
[ info ] www.cdyy.com/index/index/login [运行时间：0.062264s][吞吐率：16.06req/s] [内存消耗：3,314.84kb] [文件加载：51]
[ info ] [ LANG ] D:\wamp64\www\cdyy\thinkphp\lang\zh-cn.php
[ info ] [ ROUTE ] array (
  'type' => 'module',
  'module' => 
  array (
    0 => 'index',
    1 => 'index',
    2 => 'login',
  ),
)
[ info ] [ HEADER ] array (
  'host' => 'www.cdyy.com',
  'connection' => 'keep-alive',
  'cache-control' => 'max-age=0',
  'upgrade-insecure-requests' => '1',
  'user-agent' => 'Mozilla/5.0 (Windows NT 5.1) AppleWebKit/537.36 (KHTML, like Gecko) Maxthon/5.0 Chrome/55.0.2883.75 Safari/537.36',
  'accept' => 'text/html,application/xhtml+xml,application/xml;q=0.9,image/webp,*/*;q=0.8',
  'dnt' => '1',
  'accept-encoding' => 'gzip, deflate',
  'accept-language' => 'zh-CN',
  'cookie' => 'thinkphp_show_page_trace=0|0; UM_distinctid=161eff712a0a1-0f790bb8cc872e-2569791b-100200-161eff712a145a; uid=www5a9ba399cb7bb9.60490532; CNZZDATA30088308=cnzz_eid%3D2112333325-1521272508-%26ntime%3D1521272508; CNZZDATA1256793290=1948844775-1520144149-%7C1521299773',
)
[ info ] [ PARAM ] array (
)
[ info ] [ RUN ] app\index\controller\Index->login[ D:\wamp64\www\cdyy\application\index\controller\Index.php ]
[ info ] [ VIEW ] D:\wamp64\www\cdyy\public/../application/index\view\index\login.html [ array (
) ]
[ info ] [ LOG ] INIT File
---------------------------------------------------------------
[ 2018-03-18T00:00:41+08:00 ] 127.0.0.1 GET /index/index/login
[ info ] www.cdyy.com/index/index/login [运行时间：0.063622s][吞吐率：15.72req/s] [内存消耗：3,314.84kb] [文件加载：51]
[ info ] [ LANG ] D:\wamp64\www\cdyy\thinkphp\lang\zh-cn.php
[ info ] [ ROUTE ] array (
  'type' => 'module',
  'module' => 
  array (
    0 => 'index',
    1 => 'index',
    2 => 'login',
  ),
)
[ info ] [ HEADER ] array (
  'host' => 'www.cdyy.com',
  'connection' => 'keep-alive',
  'cache-control' => 'max-age=0',
  'upgrade-insecure-requests' => '1',
  'user-agent' => 'Mozilla/5.0 (Windows NT 5.1) AppleWebKit/537.36 (KHTML, like Gecko) Maxthon/5.0 Chrome/55.0.2883.75 Safari/537.36',
  'accept' => 'text/html,application/xhtml+xml,application/xml;q=0.9,image/webp,*/*;q=0.8',
  'dnt' => '1',
  'accept-encoding' => 'gzip, deflate',
  'accept-language' => 'zh-CN',
  'cookie' => 'thinkphp_show_page_trace=0|0; UM_distinctid=161eff712a0a1-0f790bb8cc872e-2569791b-100200-161eff712a145a; uid=www5a9ba399cb7bb9.60490532; CNZZDATA30088308=cnzz_eid%3D2112333325-1521272508-%26ntime%3D1521272508; CNZZDATA1256793290=1948844775-1520144149-%7C1521299773',
)
[ info ] [ PARAM ] array (
)
[ info ] [ RUN ] app\index\controller\Index->login[ D:\wamp64\www\cdyy\application\index\controller\Index.php ]
[ info ] [ VIEW ] D:\wamp64\www\cdyy\public/../application/index\view\index\login.html [ array (
) ]
[ info ] [ LOG ] INIT File
---------------------------------------------------------------
[ 2018-03-18T00:00:53+08:00 ] 127.0.0.1 GET /index/index/login
[ info ] www.cdyy.com/index/index/login [运行时间：0.061025s][吞吐率：16.39req/s] [内存消耗：3,314.84kb] [文件加载：51]
[ info ] [ LANG ] D:\wamp64\www\cdyy\thinkphp\lang\zh-cn.php
[ info ] [ ROUTE ] array (
  'type' => 'module',
  'module' => 
  array (
    0 => 'index',
    1 => 'index',
    2 => 'login',
  ),
)
[ info ] [ HEADER ] array (
  'host' => 'www.cdyy.com',
  'connection' => 'keep-alive',
  'cache-control' => 'max-age=0',
  'upgrade-insecure-requests' => '1',
  'user-agent' => 'Mozilla/5.0 (Windows NT 5.1) AppleWebKit/537.36 (KHTML, like Gecko) Maxthon/5.0 Chrome/55.0.2883.75 Safari/537.36',
  'accept' => 'text/html,application/xhtml+xml,application/xml;q=0.9,image/webp,*/*;q=0.8',
  'dnt' => '1',
  'accept-encoding' => 'gzip, deflate',
  'accept-language' => 'zh-CN',
  'cookie' => 'thinkphp_show_page_trace=0|0; UM_distinctid=161eff712a0a1-0f790bb8cc872e-2569791b-100200-161eff712a145a; uid=www5a9ba399cb7bb9.60490532; CNZZDATA30088308=cnzz_eid%3D2112333325-1521272508-%26ntime%3D1521272508; CNZZDATA1256793290=1948844775-1520144149-%7C1521299773',
)
[ info ] [ PARAM ] array (
)
[ info ] [ RUN ] app\index\controller\Index->login[ D:\wamp64\www\cdyy\application\index\controller\Index.php ]
[ info ] [ VIEW ] D:\wamp64\www\cdyy\public/../application/index\view\index\login.html [ array (
) ]
[ info ] [ LOG ] INIT File
---------------------------------------------------------------
[ 2018-03-18T00:01:37+08:00 ] 127.0.0.1 GET /index/index/login
[ info ] www.cdyy.com/index/index/login [运行时间：0.064205s][吞吐率：15.58req/s] [内存消耗：3,314.55kb] [文件加载：51]
[ info ] [ LANG ] D:\wamp64\www\cdyy\thinkphp\lang\zh-cn.php
[ info ] [ ROUTE ] array (
  'type' => 'module',
  'module' => 
  array (
    0 => 'index',
    1 => 'index',
    2 => 'login',
  ),
)
[ info ] [ HEADER ] array (
  'host' => 'www.cdyy.com',
  'connection' => 'keep-alive',
  'cache-control' => 'max-age=0',
  'upgrade-insecure-requests' => '1',
  'user-agent' => 'Mozilla/5.0 (Windows NT 5.1) AppleWebKit/537.36 (KHTML, like Gecko) Maxthon/5.0 Chrome/55.0.2883.75 Safari/537.36',
  'accept' => 'text/html,application/xhtml+xml,application/xml;q=0.9,image/webp,*/*;q=0.8',
  'dnt' => '1',
  'accept-encoding' => 'gzip, deflate',
  'accept-language' => 'zh-CN',
  'cookie' => 'thinkphp_show_page_trace=0|0; UM_distinctid=161eff712a0a1-0f790bb8cc872e-2569791b-100200-161eff712a145a; uid=www5a9ba399cb7bb9.60490532; CNZZDATA30088308=cnzz_eid%3D2112333325-1521272508-%26ntime%3D1521272508; CNZZDATA1256793290=1948844775-1520144149-%7C1521299773',
)
[ info ] [ PARAM ] array (
)
[ info ] [ RUN ] app\index\controller\Index->login[ D:\wamp64\www\cdyy\application\index\controller\Index.php ]
[ info ] [ VIEW ] D:\wamp64\www\cdyy\public/../application/index\view\index\login.html [ array (
) ]
[ info ] [ LOG ] INIT File
---------------------------------------------------------------
[ 2018-03-18T00:01:40+08:00 ] 127.0.0.1 GET /index/index/login?name=admin&password=19961104
[ info ] www.cdyy.com/index/index/login?name=admin&password=19961104 [运行时间：0.072712s][吞吐率：13.75req/s] [内存消耗：3,063.84kb] [文件加载：49]
[ info ] [ LANG ] D:\wamp64\www\cdyy\thinkphp\lang\zh-cn.php
[ info ] [ ROUTE ] array (
  'type' => 'module',
  'module' => 
  array (
    0 => 'index',
    1 => 'index',
    2 => 'login',
  ),
)
[ info ] [ HEADER ] array (
  'host' => 'www.cdyy.com',
  'connection' => 'keep-alive',
  'upgrade-insecure-requests' => '1',
  'user-agent' => 'Mozilla/5.0 (Windows NT 5.1) AppleWebKit/537.36 (KHTML, like Gecko) Maxthon/5.0 Chrome/55.0.2883.75 Safari/537.36',
  'accept' => 'text/html,application/xhtml+xml,application/xml;q=0.9,image/webp,*/*;q=0.8',
  'dnt' => '1',
  'referer' => 'http://www.cdyy.com/index/index/login',
  'accept-encoding' => 'gzip, deflate',
  'accept-language' => 'zh-CN',
  'cookie' => 'thinkphp_show_page_trace=0|0; UM_distinctid=161eff712a0a1-0f790bb8cc872e-2569791b-100200-161eff712a145a; uid=www5a9ba399cb7bb9.60490532; CNZZDATA30088308=cnzz_eid%3D2112333325-1521272508-%26ntime%3D1521272508; CNZZDATA1256793290=1948844775-1520144149-%7C1521299773',
)
[ info ] [ PARAM ] array (
  'name' => 'admin',
  'password' => '19961104',
)
[ info ] [ RUN ] app\index\controller\Index->login[ D:\wamp64\www\cdyy\application\index\controller\Index.php ]
[ info ] [ VIEW ] D:\wamp64\www\cdyy\public/../application/index\view\index\login.html [ array (
) ]
[ info ] [ LOG ] INIT File
---------------------------------------------------------------
[ 2018-03-18T00:01:42+08:00 ] 127.0.0.1 GET /index/index/login?name=admin&password=19961104
[ info ] www.cdyy.com/index/index/login?name=admin&password=19961104 [运行时间：0.059762s][吞吐率：16.73req/s] [内存消耗：3,064.04kb] [文件加载：49]
[ info ] [ LANG ] D:\wamp64\www\cdyy\thinkphp\lang\zh-cn.php
[ info ] [ ROUTE ] array (
  'type' => 'module',
  'module' => 
  array (
    0 => 'index',
    1 => 'index',
    2 => 'login',
  ),
)
[ info ] [ HEADER ] array (
  'host' => 'www.cdyy.com',
  'connection' => 'keep-alive',
  'cache-control' => 'max-age=0',
  'upgrade-insecure-requests' => '1',
  'user-agent' => 'Mozilla/5.0 (Windows NT 5.1) AppleWebKit/537.36 (KHTML, like Gecko) Maxthon/5.0 Chrome/55.0.2883.75 Safari/537.36',
  'accept' => 'text/html,application/xhtml+xml,application/xml;q=0.9,image/webp,*/*;q=0.8',
  'dnt' => '1',
  'referer' => 'http://www.cdyy.com/index/index/login',
  'accept-encoding' => 'gzip, deflate',
  'accept-language' => 'zh-CN',
  'cookie' => 'thinkphp_show_page_trace=0|0; UM_distinctid=161eff712a0a1-0f790bb8cc872e-2569791b-100200-161eff712a145a; uid=www5a9ba399cb7bb9.60490532; CNZZDATA30088308=cnzz_eid%3D2112333325-1521272508-%26ntime%3D1521272508; CNZZDATA1256793290=1948844775-1520144149-%7C1521299773',
)
[ info ] [ PARAM ] array (
  'name' => 'admin',
  'password' => '19961104',
)
[ info ] [ RUN ] app\index\controller\Index->login[ D:\wamp64\www\cdyy\application\index\controller\Index.php ]
[ info ] [ VIEW ] D:\wamp64\www\cdyy\public/../application/index\view\index\login.html [ array (
) ]
[ info ] [ LOG ] INIT File
---------------------------------------------------------------
[ 2018-03-18T00:01:48+08:00 ] 127.0.0.1 GET /index/index/login?name=admin&password=19961104
[ info ] www.cdyy.com/index/index/login?name=admin&password=19961104 [运行时间：0.063200s][吞吐率：15.82req/s] [内存消耗：3,315.67kb] [文件加载：51]
[ info ] [ LANG ] D:\wamp64\www\cdyy\thinkphp\lang\zh-cn.php
[ info ] [ ROUTE ] array (
  'type' => 'module',
  'module' => 
  array (
    0 => 'index',
    1 => 'index',
    2 => 'login',
  ),
)
[ info ] [ HEADER ] array (
  'host' => 'www.cdyy.com',
  'connection' => 'keep-alive',
  'cache-control' => 'max-age=0',
  'upgrade-insecure-requests' => '1',
  'user-agent' => 'Mozilla/5.0 (Windows NT 5.1) AppleWebKit/537.36 (KHTML, like Gecko) Maxthon/5.0 Chrome/55.0.2883.75 Safari/537.36',
  'accept' => 'text/html,application/xhtml+xml,application/xml;q=0.9,image/webp,*/*;q=0.8',
  'dnt' => '1',
  'referer' => 'http://www.cdyy.com/index/index/login',
  'accept-encoding' => 'gzip, deflate',
  'accept-language' => 'zh-CN',
  'cookie' => 'thinkphp_show_page_trace=0|0; UM_distinctid=161eff712a0a1-0f790bb8cc872e-2569791b-100200-161eff712a145a; uid=www5a9ba399cb7bb9.60490532; CNZZDATA30088308=cnzz_eid%3D2112333325-1521272508-%26ntime%3D1521272508; CNZZDATA1256793290=1948844775-1520144149-%7C1521299773',
)
[ info ] [ PARAM ] array (
  'name' => 'admin',
  'password' => '19961104',
)
[ info ] [ RUN ] app\index\controller\Index->login[ D:\wamp64\www\cdyy\application\index\controller\Index.php ]
[ info ] [ VIEW ] D:\wamp64\www\cdyy\public/../application/index\view\index\login.html [ array (
) ]
[ info ] [ LOG ] INIT File
---------------------------------------------------------------
[ 2018-03-18T00:02:16+08:00 ] 127.0.0.1 GET /index/index/login?name=admin&password=19961104
[ info ] www.cdyy.com/index/index/login?name=admin&password=19961104 [运行时间：0.072705s][吞吐率：13.75req/s] [内存消耗：3,315.90kb] [文件加载：51]
[ info ] [ LANG ] D:\wamp64\www\cdyy\thinkphp\lang\zh-cn.php
[ info ] [ ROUTE ] array (
  'type' => 'module',
  'module' => 
  array (
    0 => 'index',
    1 => 'index',
    2 => 'login',
  ),
)
[ info ] [ HEADER ] array (
  'host' => 'www.cdyy.com',
  'connection' => 'keep-alive',
  'cache-control' => 'max-age=0',
  'x-devtools-emulate-network-conditions-client-id' => '5f4266ca-f785-48f9-b96d-3e047b9ee6f4',
  'upgrade-insecure-requests' => '1',
  'user-agent' => 'Mozilla/5.0 (Windows NT 5.1) AppleWebKit/537.36 (KHTML, like Gecko) Maxthon/5.0 Chrome/55.0.2883.75 Safari/537.36',
  'accept' => 'text/html,application/xhtml+xml,application/xml;q=0.9,image/webp,*/*;q=0.8',
  'dnt' => '1',
  'referer' => 'http://www.cdyy.com/index/index/login',
  'accept-encoding' => 'gzip, deflate',
  'accept-language' => 'zh-CN',
  'cookie' => 'thinkphp_show_page_trace=0|0; UM_distinctid=161eff712a0a1-0f790bb8cc872e-2569791b-100200-161eff712a145a; uid=www5a9ba399cb7bb9.60490532; CNZZDATA30088308=cnzz_eid%3D2112333325-1521272508-%26ntime%3D1521272508; CNZZDATA1256793290=1948844775-1520144149-%7C1521299773',
)
[ info ] [ PARAM ] array (
  'name' => 'admin',
  'password' => '19961104',
)
[ info ] [ RUN ] app\index\controller\Index->login[ D:\wamp64\www\cdyy\application\index\controller\Index.php ]
[ info ] [ VIEW ] D:\wamp64\www\cdyy\public/../application/index\view\index\login.html [ array (
) ]
[ info ] [ LOG ] INIT File
---------------------------------------------------------------
[ 2018-03-18T00:03:09+08:00 ] 127.0.0.1 GET /index/index/login?name=admin&password=19961104
[ info ] www.cdyy.com/index/index/login?name=admin&password=19961104 [运行时间：0.058957s][吞吐率：16.96req/s] [内存消耗：3,064.34kb] [文件加载：49]
[ info ] [ LANG ] D:\wamp64\www\cdyy\thinkphp\lang\zh-cn.php
[ info ] [ ROUTE ] array (
  'type' => 'module',
  'module' => 
  array (
    0 => 'index',
    1 => 'index',
    2 => 'login',
  ),
)
[ info ] [ HEADER ] array (
  'host' => 'www.cdyy.com',
  'connection' => 'keep-alive',
  'cache-control' => 'max-age=0',
  'x-devtools-emulate-network-conditions-client-id' => '5f4266ca-f785-48f9-b96d-3e047b9ee6f4',
  'upgrade-insecure-requests' => '1',
  'user-agent' => 'Mozilla/5.0 (Windows NT 5.1) AppleWebKit/537.36 (KHTML, like Gecko) Maxthon/5.0 Chrome/55.0.2883.75 Safari/537.36',
  'accept' => 'text/html,application/xhtml+xml,application/xml;q=0.9,image/webp,*/*;q=0.8',
  'dnt' => '1',
  'referer' => 'http://www.cdyy.com/index/index/login',
  'accept-encoding' => 'gzip, deflate',
  'accept-language' => 'zh-CN',
  'cookie' => 'thinkphp_show_page_trace=0|0; UM_distinctid=161eff712a0a1-0f790bb8cc872e-2569791b-100200-161eff712a145a; uid=www5a9ba399cb7bb9.60490532; CNZZDATA30088308=cnzz_eid%3D2112333325-1521272508-%26ntime%3D1521272508; CNZZDATA1256793290=1948844775-1520144149-%7C1521299773',
)
[ info ] [ PARAM ] array (
  'name' => 'admin',
  'password' => '19961104',
)
[ info ] [ RUN ] app\index\controller\Index->login[ D:\wamp64\www\cdyy\application\index\controller\Index.php ]
[ info ] [ VIEW ] D:\wamp64\www\cdyy\public/../application/index\view\index\login.html [ array (
) ]
[ info ] [ LOG ] INIT File
---------------------------------------------------------------
[ 2018-03-18T00:04:38+08:00 ] 127.0.0.1 GET /index/index/login?name=admin&password=19961104
[ info ] www.cdyy.com/index/index/login?name=admin&password=19961104 [运行时间：0.062639s][吞吐率：15.96req/s] [内存消耗：3,316.02kb] [文件加载：51]
[ info ] [ LANG ] D:\wamp64\www\cdyy\thinkphp\lang\zh-cn.php
[ info ] [ ROUTE ] array (
  'type' => 'module',
  'module' => 
  array (
    0 => 'index',
    1 => 'index',
    2 => 'login',
  ),
)
[ info ] [ HEADER ] array (
  'host' => 'www.cdyy.com',
  'connection' => 'keep-alive',
  'cache-control' => 'max-age=0',
  'x-devtools-emulate-network-conditions-client-id' => '5f4266ca-f785-48f9-b96d-3e047b9ee6f4',
  'upgrade-insecure-requests' => '1',
  'user-agent' => 'Mozilla/5.0 (Windows NT 5.1) AppleWebKit/537.36 (KHTML, like Gecko) Maxthon/5.0 Chrome/55.0.2883.75 Safari/537.36',
  'accept' => 'text/html,application/xhtml+xml,application/xml;q=0.9,image/webp,*/*;q=0.8',
  'dnt' => '1',
  'referer' => 'http://www.cdyy.com/index/index/login',
  'accept-encoding' => 'gzip, deflate',
  'accept-language' => 'zh-CN',
  'cookie' => 'thinkphp_show_page_trace=0|0; UM_distinctid=161eff712a0a1-0f790bb8cc872e-2569791b-100200-161eff712a145a; uid=www5a9ba399cb7bb9.60490532; CNZZDATA30088308=cnzz_eid%3D2112333325-1521272508-%26ntime%3D1521272508; CNZZDATA1256793290=1948844775-1520144149-%7C1521299773',
)
[ info ] [ PARAM ] array (
  'name' => 'admin',
  'password' => '19961104',
)
[ info ] [ RUN ] app\index\controller\Index->login[ D:\wamp64\www\cdyy\application\index\controller\Index.php ]
[ info ] [ VIEW ] D:\wamp64\www\cdyy\public/../application/index\view\index\login.html [ array (
) ]
[ info ] [ LOG ] INIT File
---------------------------------------------------------------
[ 2018-03-18T00:04:54+08:00 ] 127.0.0.1 GET /index/index/login?name=admin&password=19961104
[ info ] www.cdyy.com/index/index/login?name=admin&password=19961104 [运行时间：0.085588s][吞吐率：11.68req/s] [内存消耗：3,315.89kb] [文件加载：51]
[ info ] [ LANG ] D:\wamp64\www\cdyy\thinkphp\lang\zh-cn.php
[ info ] [ ROUTE ] array (
  'type' => 'module',
  'module' => 
  array (
    0 => 'index',
    1 => 'index',
    2 => 'login',
  ),
)
[ info ] [ HEADER ] array (
  'host' => 'www.cdyy.com',
  'connection' => 'keep-alive',
  'cache-control' => 'max-age=0',
  'x-devtools-emulate-network-conditions-client-id' => '5f4266ca-f785-48f9-b96d-3e047b9ee6f4',
  'upgrade-insecure-requests' => '1',
  'user-agent' => 'Mozilla/5.0 (Windows NT 5.1) AppleWebKit/537.36 (KHTML, like Gecko) Maxthon/5.0 Chrome/55.0.2883.75 Safari/537.36',
  'accept' => 'text/html,application/xhtml+xml,application/xml;q=0.9,image/webp,*/*;q=0.8',
  'dnt' => '1',
  'referer' => 'http://www.cdyy.com/index/index/login',
  'accept-encoding' => 'gzip, deflate',
  'accept-language' => 'zh-CN',
  'cookie' => 'thinkphp_show_page_trace=0|0; UM_distinctid=161eff712a0a1-0f790bb8cc872e-2569791b-100200-161eff712a145a; uid=www5a9ba399cb7bb9.60490532; CNZZDATA30088308=cnzz_eid%3D2112333325-1521272508-%26ntime%3D1521272508; CNZZDATA1256793290=1948844775-1520144149-%7C1521299773',
)
[ info ] [ PARAM ] array (
  'name' => 'admin',
  'password' => '19961104',
)
[ info ] [ RUN ] app\index\controller\Index->login[ D:\wamp64\www\cdyy\application\index\controller\Index.php ]
[ info ] [ VIEW ] D:\wamp64\www\cdyy\public/../application/index\view\index\login.html [ array (
) ]
[ info ] [ LOG ] INIT File
---------------------------------------------------------------
[ 2018-03-18T00:05:16+08:00 ] 127.0.0.1 GET /index/index/login?name=admin&password=19961104
[ info ] www.cdyy.com/index/index/login?name=admin&password=19961104 [运行时间：0.065646s][吞吐率：15.23req/s] [内存消耗：3,315.93kb] [文件加载：51]
[ info ] [ LANG ] D:\wamp64\www\cdyy\thinkphp\lang\zh-cn.php
[ info ] [ ROUTE ] array (
  'type' => 'module',
  'module' => 
  array (
    0 => 'index',
    1 => 'index',
    2 => 'login',
  ),
)
[ info ] [ HEADER ] array (
  'host' => 'www.cdyy.com',
  'connection' => 'keep-alive',
  'cache-control' => 'max-age=0',
  'x-devtools-emulate-network-conditions-client-id' => '5f4266ca-f785-48f9-b96d-3e047b9ee6f4',
  'upgrade-insecure-requests' => '1',
  'user-agent' => 'Mozilla/5.0 (Windows NT 5.1) AppleWebKit/537.36 (KHTML, like Gecko) Maxthon/5.0 Chrome/55.0.2883.75 Safari/537.36',
  'accept' => 'text/html,application/xhtml+xml,application/xml;q=0.9,image/webp,*/*;q=0.8',
  'dnt' => '1',
  'referer' => 'http://www.cdyy.com/index/index/login',
  'accept-encoding' => 'gzip, deflate',
  'accept-language' => 'zh-CN',
  'cookie' => 'thinkphp_show_page_trace=0|0; UM_distinctid=161eff712a0a1-0f790bb8cc872e-2569791b-100200-161eff712a145a; uid=www5a9ba399cb7bb9.60490532; CNZZDATA30088308=cnzz_eid%3D2112333325-1521272508-%26ntime%3D1521272508; CNZZDATA1256793290=1948844775-1520144149-%7C1521299773',
)
[ info ] [ PARAM ] array (
  'name' => 'admin',
  'password' => '19961104',
)
[ info ] [ RUN ] app\index\controller\Index->login[ D:\wamp64\www\cdyy\application\index\controller\Index.php ]
[ info ] [ VIEW ] D:\wamp64\www\cdyy\public/../application/index\view\index\login.html [ array (
) ]
[ info ] [ LOG ] INIT File
---------------------------------------------------------------
[ 2018-03-18T00:09:54+08:00 ] 127.0.0.1 GET /index/index/login?name=admin&password=19961104
[ info ] www.cdyy.com/index/index/login?name=admin&password=19961104 [运行时间：0.076646s][吞吐率：13.05req/s] [内存消耗：3,064.16kb] [文件加载：49]
[ info ] [ LANG ] D:\wamp64\www\cdyy\thinkphp\lang\zh-cn.php
[ info ] [ ROUTE ] array (
  'type' => 'module',
  'module' => 
  array (
    0 => 'index',
    1 => 'index',
    2 => 'login',
  ),
)
[ info ] [ HEADER ] array (
  'host' => 'www.cdyy.com',
  'connection' => 'keep-alive',
  'cache-control' => 'max-age=0',
  'upgrade-insecure-requests' => '1',
  'user-agent' => 'Mozilla/5.0 (Windows NT 5.1) AppleWebKit/537.36 (KHTML, like Gecko) Maxthon/5.0 Chrome/55.0.2883.75 Safari/537.36',
  'accept' => 'text/html,application/xhtml+xml,application/xml;q=0.9,image/webp,*/*;q=0.8',
  'dnt' => '1',
  'referer' => 'http://www.cdyy.com/index/index/login',
  'accept-encoding' => 'gzip, deflate',
  'accept-language' => 'zh-CN',
  'cookie' => 'thinkphp_show_page_trace=0|0; UM_distinctid=161eff712a0a1-0f790bb8cc872e-2569791b-100200-161eff712a145a; uid=www5a9ba399cb7bb9.60490532; CNZZDATA30088308=cnzz_eid%3D2112333325-1521272508-%26ntime%3D1521272508; CNZZDATA1256793290=1948844775-1520144149-%7C1521299773',
)
[ info ] [ PARAM ] array (
  'name' => 'admin',
  'password' => '19961104',
)
[ info ] [ RUN ] app\index\controller\Index->login[ D:\wamp64\www\cdyy\application\index\controller\Index.php ]
[ info ] [ VIEW ] D:\wamp64\www\cdyy\public/../application/index\view\index\login.html [ array (
) ]
[ info ] [ LOG ] INIT File
---------------------------------------------------------------
[ 2018-03-18T00:11:43+08:00 ] 127.0.0.1 GET /index/index/login?name=admin&password=19961104
[ info ] www.cdyy.com/index/index/login?name=admin&password=19961104 [运行时间：0.057109s][吞吐率：17.51req/s] [内存消耗：3,064.16kb] [文件加载：49]
[ info ] [ LANG ] D:\wamp64\www\cdyy\thinkphp\lang\zh-cn.php
[ info ] [ ROUTE ] array (
  'type' => 'module',
  'module' => 
  array (
    0 => 'index',
    1 => 'index',
    2 => 'login',
  ),
)
[ info ] [ HEADER ] array (
  'host' => 'www.cdyy.com',
  'connection' => 'keep-alive',
  'cache-control' => 'max-age=0',
  'upgrade-insecure-requests' => '1',
  'user-agent' => 'Mozilla/5.0 (Windows NT 5.1) AppleWebKit/537.36 (KHTML, like Gecko) Maxthon/5.0 Chrome/55.0.2883.75 Safari/537.36',
  'accept' => 'text/html,application/xhtml+xml,application/xml;q=0.9,image/webp,*/*;q=0.8',
  'dnt' => '1',
  'referer' => 'http://www.cdyy.com/index/index/login',
  'accept-encoding' => 'gzip, deflate',
  'accept-language' => 'zh-CN',
  'cookie' => 'thinkphp_show_page_trace=0|0; UM_distinctid=161eff712a0a1-0f790bb8cc872e-2569791b-100200-161eff712a145a; uid=www5a9ba399cb7bb9.60490532; CNZZDATA30088308=cnzz_eid%3D2112333325-1521272508-%26ntime%3D1521272508; CNZZDATA1256793290=1948844775-1520144149-%7C1521299773',
)
[ info ] [ PARAM ] array (
  'name' => 'admin',
  'password' => '19961104',
)
[ info ] [ RUN ] app\index\controller\Index->login[ D:\wamp64\www\cdyy\application\index\controller\Index.php ]
[ info ] [ VIEW ] D:\wamp64\www\cdyy\public/../application/index\view\index\login.html [ array (
) ]
[ info ] [ LOG ] INIT File
---------------------------------------------------------------
[ 2018-03-18T00:12:28+08:00 ] 127.0.0.1 GET /index/index/login?name=admin&password=19961104
[ info ] www.cdyy.com/index/index/login?name=admin&password=19961104 [运行时间：0.066754s][吞吐率：14.98req/s] [内存消耗：3,315.74kb] [文件加载：51]
[ info ] [ LANG ] D:\wamp64\www\cdyy\thinkphp\lang\zh-cn.php
[ info ] [ ROUTE ] array (
  'type' => 'module',
  'module' => 
  array (
    0 => 'index',
    1 => 'index',
    2 => 'login',
  ),
)
[ info ] [ HEADER ] array (
  'host' => 'www.cdyy.com',
  'connection' => 'keep-alive',
  'cache-control' => 'max-age=0',
  'upgrade-insecure-requests' => '1',
  'user-agent' => 'Mozilla/5.0 (Windows NT 5.1) AppleWebKit/537.36 (KHTML, like Gecko) Maxthon/5.0 Chrome/55.0.2883.75 Safari/537.36',
  'accept' => 'text/html,application/xhtml+xml,application/xml;q=0.9,image/webp,*/*;q=0.8',
  'dnt' => '1',
  'referer' => 'http://www.cdyy.com/index/index/login',
  'accept-encoding' => 'gzip, deflate',
  'accept-language' => 'zh-CN',
  'cookie' => 'thinkphp_show_page_trace=0|0; UM_distinctid=161eff712a0a1-0f790bb8cc872e-2569791b-100200-161eff712a145a; uid=www5a9ba399cb7bb9.60490532; CNZZDATA30088308=cnzz_eid%3D2112333325-1521272508-%26ntime%3D1521272508; CNZZDATA1256793290=1948844775-1520144149-%7C1521299773',
)
[ info ] [ PARAM ] array (
  'name' => 'admin',
  'password' => '19961104',
)
[ info ] [ RUN ] app\index\controller\Index->login[ D:\wamp64\www\cdyy\application\index\controller\Index.php ]
[ info ] [ VIEW ] D:\wamp64\www\cdyy\public/../application/index\view\index\login.html [ array (
) ]
[ info ] [ LOG ] INIT File
---------------------------------------------------------------
[ 2018-03-18T00:12:54+08:00 ] 127.0.0.1 GET /index/index/login?name=admin&password=19961104
[ info ] www.cdyy.com/index/index/login?name=admin&password=19961104 [运行时间：0.061732s][吞吐率：16.20req/s] [内存消耗：3,315.78kb] [文件加载：51]
[ info ] [ LANG ] D:\wamp64\www\cdyy\thinkphp\lang\zh-cn.php
[ info ] [ ROUTE ] array (
  'type' => 'module',
  'module' => 
  array (
    0 => 'index',
    1 => 'index',
    2 => 'login',
  ),
)
[ info ] [ HEADER ] array (
  'host' => 'www.cdyy.com',
  'connection' => 'keep-alive',
  'cache-control' => 'max-age=0',
  'upgrade-insecure-requests' => '1',
  'user-agent' => 'Mozilla/5.0 (Windows NT 5.1) AppleWebKit/537.36 (KHTML, like Gecko) Maxthon/5.0 Chrome/55.0.2883.75 Safari/537.36',
  'accept' => 'text/html,application/xhtml+xml,application/xml;q=0.9,image/webp,*/*;q=0.8',
  'dnt' => '1',
  'referer' => 'http://www.cdyy.com/index/index/login',
  'accept-encoding' => 'gzip, deflate',
  'accept-language' => 'zh-CN',
  'cookie' => 'thinkphp_show_page_trace=0|0; UM_distinctid=161eff712a0a1-0f790bb8cc872e-2569791b-100200-161eff712a145a; uid=www5a9ba399cb7bb9.60490532; CNZZDATA30088308=cnzz_eid%3D2112333325-1521272508-%26ntime%3D1521272508; CNZZDATA1256793290=1948844775-1520144149-%7C1521299773',
)
[ info ] [ PARAM ] array (
  'name' => 'admin',
  'password' => '19961104',
)
[ info ] [ RUN ] app\index\controller\Index->login[ D:\wamp64\www\cdyy\application\index\controller\Index.php ]
[ info ] [ VIEW ] D:\wamp64\www\cdyy\public/../application/index\view\index\login.html [ array (
) ]
[ info ] [ LOG ] INIT File
---------------------------------------------------------------
[ 2018-03-18T00:13:37+08:00 ] 127.0.0.1 GET /index/index/login?name=admin&password=19961104
[ info ] www.cdyy.com/index/index/login?name=admin&password=19961104 [运行时间：0.071972s][吞吐率：13.89req/s] [内存消耗：3,316.09kb] [文件加载：51]
[ info ] [ LANG ] D:\wamp64\www\cdyy\thinkphp\lang\zh-cn.php
[ info ] [ ROUTE ] array (
  'type' => 'module',
  'module' => 
  array (
    0 => 'index',
    1 => 'index',
    2 => 'login',
  ),
)
[ info ] [ HEADER ] array (
  'host' => 'www.cdyy.com',
  'connection' => 'keep-alive',
  'cache-control' => 'max-age=0',
  'upgrade-insecure-requests' => '1',
  'user-agent' => 'Mozilla/5.0 (Windows NT 5.1) AppleWebKit/537.36 (KHTML, like Gecko) Maxthon/5.0 Chrome/55.0.2883.75 Safari/537.36',
  'accept' => 'text/html,application/xhtml+xml,application/xml;q=0.9,image/webp,*/*;q=0.8',
  'dnt' => '1',
  'referer' => 'http://www.cdyy.com/index/index/login',
  'accept-encoding' => 'gzip, deflate',
  'accept-language' => 'zh-CN',
  'cookie' => 'thinkphp_show_page_trace=0|0; UM_distinctid=161eff712a0a1-0f790bb8cc872e-2569791b-100200-161eff712a145a; uid=www5a9ba399cb7bb9.60490532; CNZZDATA30088308=cnzz_eid%3D2112333325-1521272508-%26ntime%3D1521272508; CNZZDATA1256793290=1948844775-1520144149-%7C1521299773',
)
[ info ] [ PARAM ] array (
  'name' => 'admin',
  'password' => '19961104',
)
[ info ] [ RUN ] app\index\controller\Index->login[ D:\wamp64\www\cdyy\application\index\controller\Index.php ]
[ info ] [ VIEW ] D:\wamp64\www\cdyy\public/../application/index\view\index\login.html [ array (
) ]
[ info ] [ LOG ] INIT File
---------------------------------------------------------------
[ 2018-03-18T00:14:49+08:00 ] 127.0.0.1 GET /index/index/login?name=admin&password=19961104
[ info ] www.cdyy.com/index/index/login?name=admin&password=19961104 [运行时间：0.062997s][吞吐率：15.87req/s] [内存消耗：3,316.11kb] [文件加载：51]
[ info ] [ LANG ] D:\wamp64\www\cdyy\thinkphp\lang\zh-cn.php
[ info ] [ ROUTE ] array (
  'type' => 'module',
  'module' => 
  array (
    0 => 'index',
    1 => 'index',
    2 => 'login',
  ),
)
[ info ] [ HEADER ] array (
  'host' => 'www.cdyy.com',
  'connection' => 'keep-alive',
  'cache-control' => 'max-age=0',
  'upgrade-insecure-requests' => '1',
  'user-agent' => 'Mozilla/5.0 (Windows NT 5.1) AppleWebKit/537.36 (KHTML, like Gecko) Maxthon/5.0 Chrome/55.0.2883.75 Safari/537.36',
  'accept' => 'text/html,application/xhtml+xml,application/xml;q=0.9,image/webp,*/*;q=0.8',
  'dnt' => '1',
  'referer' => 'http://www.cdyy.com/index/index/login',
  'accept-encoding' => 'gzip, deflate',
  'accept-language' => 'zh-CN',
  'cookie' => 'thinkphp_show_page_trace=0|0; UM_distinctid=161eff712a0a1-0f790bb8cc872e-2569791b-100200-161eff712a145a; uid=www5a9ba399cb7bb9.60490532; CNZZDATA30088308=cnzz_eid%3D2112333325-1521272508-%26ntime%3D1521272508; CNZZDATA1256793290=1948844775-1520144149-%7C1521299773',
)
[ info ] [ PARAM ] array (
  'name' => 'admin',
  'password' => '19961104',
)
[ info ] [ RUN ] app\index\controller\Index->login[ D:\wamp64\www\cdyy\application\index\controller\Index.php ]
[ info ] [ VIEW ] D:\wamp64\www\cdyy\public/../application/index\view\index\login.html [ array (
) ]
[ info ] [ LOG ] INIT File
