---------------------------------------------------------------
[ 2018-01-20T19:53:07+08:00 ] 127.0.0.1 GET /
[ info ] www.tp5.com/ [运行时间：0.036762s][吞吐率：27.20req/s] [内存消耗：2,327.93kb] [文件加载：36]
[ info ] [ LANG ] D:\wamp64\www\tp\thinkphp\lang\zh-cn.php
[ info ] [ ROUTE ] array (
  'type' => 'module',
  'module' => 
  array (
    0 => '',
    1 => NULL,
    2 => NULL,
  ),
)
[ info ] [ HEADER ] array (
  'host' => 'www.tp5.com',
  'connection' => 'keep-alive',
  'upgrade-insecure-requests' => '1',
  'user-agent' => 'Mozilla/5.0 (Windows NT 5.1) AppleWebKit/537.36 (KHTML, like Gecko) Maxthon/5.0 Chrome/55.0.2883.75 Safari/537.36',
  'accept' => 'text/html,application/xhtml+xml,application/xml;q=0.9,image/webp,*/*;q=0.8',
  'dnt' => '1',
  'accept-encoding' => 'gzip, deflate',
  'accept-language' => 'zh-CN',
  'cookie' => 'UM_distinctid=16113278d194e-00bd491b3486ea-2569791b-1fa400-16113278d1a7cb; CNZZDATA1256793290=1679023239-1516439682-%7C1516439682; pgv_pvi=1248515072; pgv_si=s7725725696',
)
[ info ] [ PARAM ] array (
)
[ info ] [ RUN ] app\index\controller\Index->index[ D:\wamp64\www\tp\application\index\controller\Index.php ]
[ info ] [ LOG ] INIT File
---------------------------------------------------------------
[ 2018-01-20T20:37:13+08:00 ] 127.0.0.1 GET /index/index/hello
[ error ] [8]Use of undefined constant hello - assumed 'hello'
---------------------------------------------------------------
[ 2018-01-20T20:37:15+08:00 ] 127.0.0.1 GET /index/index/hello
[ error ] [8]Use of undefined constant hello - assumed 'hello'
---------------------------------------------------------------
[ 2018-01-20T20:37:26+08:00 ] 127.0.0.1 GET /index/index/hello
[ error ] [4]语法错误: unexpected end of file, expecting variable (T_VARIABLE) or ${ (T_DOLLAR_OPEN_CURLY_BRACES) or {$ (T_CURLY_OPEN)
---------------------------------------------------------------
[ 2018-01-20T20:38:29+08:00 ] 127.0.0.1 GET /index/index/hello
[ info ] www.tp5.com/index/index/hello [运行时间：0.028895s][吞吐率：34.61req/s] [内存消耗：2,443.51kb] [文件加载：39]
[ info ] [ LANG ] D:\wamp64\www\tp\thinkphp\lang\zh-cn.php
[ info ] [ ROUTE ] array (
  'type' => 'module',
  'module' => 
  array (
    0 => 'index',
    1 => 'index',
    2 => 'hello',
  ),
)
[ info ] [ HEADER ] array (
  'host' => 'www.tp5.com',
  'connection' => 'keep-alive',
  'cache-control' => 'max-age=0',
  'upgrade-insecure-requests' => '1',
  'user-agent' => 'Mozilla/5.0 (Windows NT 5.1) AppleWebKit/537.36 (KHTML, like Gecko) Maxthon/5.0 Chrome/55.0.2883.75 Safari/537.36',
  'accept' => 'text/html,application/xhtml+xml,application/xml;q=0.9,image/webp,*/*;q=0.8',
  'dnt' => '1',
  'accept-encoding' => 'gzip, deflate',
  'accept-language' => 'zh-CN',
  'cookie' => 'UM_distinctid=16113278d194e-00bd491b3486ea-2569791b-1fa400-16113278d1a7cb; CNZZDATA1256793290=1679023239-1516439682-%7C1516439682; pgv_pvi=1248515072; pgv_si=s7725725696',
)
[ info ] [ PARAM ] array (
)
[ info ] [ LOG ] INIT File
[ error ] [4]语法错误: unexpected end of file, expecting variable (T_VARIABLE) or ${ (T_DOLLAR_OPEN_CURLY_BRACES) or {$ (T_CURLY_OPEN)[D:\wamp64\www\tp\application\index\controller\Index.php:14]
---------------------------------------------------------------
[ 2018-01-20T20:39:35+08:00 ] 127.0.0.1 GET /index/index/hello
[ info ] www.tp5.com/index/index/hello [运行时间：0.020368s][吞吐率：49.10req/s] [内存消耗：2,329.50kb] [文件加载：36]
[ info ] [ LANG ] D:\wamp64\www\tp\thinkphp\lang\zh-cn.php
[ info ] [ ROUTE ] array (
  'type' => 'module',
  'module' => 
  array (
    0 => 'index',
    1 => 'index',
    2 => 'hello',
  ),
)
[ info ] [ HEADER ] array (
  'host' => 'www.tp5.com',
  'connection' => 'keep-alive',
  'cache-control' => 'max-age=0',
  'upgrade-insecure-requests' => '1',
  'user-agent' => 'Mozilla/5.0 (Windows NT 5.1) AppleWebKit/537.36 (KHTML, like Gecko) Maxthon/5.0 Chrome/55.0.2883.75 Safari/537.36',
  'accept' => 'text/html,application/xhtml+xml,application/xml;q=0.9,image/webp,*/*;q=0.8',
  'dnt' => '1',
  'accept-encoding' => 'gzip, deflate',
  'accept-language' => 'zh-CN',
  'cookie' => 'UM_distinctid=16113278d194e-00bd491b3486ea-2569791b-1fa400-16113278d1a7cb; CNZZDATA1256793290=1679023239-1516439682-%7C1516439682; pgv_pvi=1248515072; pgv_si=s7725725696',
)
[ info ] [ PARAM ] array (
)
[ info ] [ RUN ] app\index\controller\Index->hello[ D:\wamp64\www\tp\application\index\controller\Index.php ]
[ info ] [ LOG ] INIT File
---------------------------------------------------------------
[ 2018-01-20T20:39:42+08:00 ] 127.0.0.1 GET /index/index/hello.htm
[ info ] www.tp5.com/index/index/hello.htm [运行时间：0.026185s][吞吐率：38.19req/s] [内存消耗：2,414.91kb] [文件加载：39]
[ info ] [ LANG ] D:\wamp64\www\tp\thinkphp\lang\zh-cn.php
[ info ] [ ROUTE ] array (
  'type' => 'module',
  'module' => 
  array (
    0 => 'index',
    1 => 'index',
    2 => 'hello.htm',
  ),
)
[ info ] [ HEADER ] array (
  'host' => 'www.tp5.com',
  'connection' => 'keep-alive',
  'upgrade-insecure-requests' => '1',
  'user-agent' => 'Mozilla/5.0 (Windows NT 5.1) AppleWebKit/537.36 (KHTML, like Gecko) Maxthon/5.0 Chrome/55.0.2883.75 Safari/537.36',
  'accept' => 'text/html,application/xhtml+xml,application/xml;q=0.9,image/webp,*/*;q=0.8',
  'dnt' => '1',
  'accept-encoding' => 'gzip, deflate',
  'accept-language' => 'zh-CN',
  'cookie' => 'UM_distinctid=16113278d194e-00bd491b3486ea-2569791b-1fa400-16113278d1a7cb; CNZZDATA1256793290=1679023239-1516439682-%7C1516439682; pgv_pvi=1248515072; pgv_si=s7725725696',
)
[ info ] [ PARAM ] array (
)
[ info ] [ LOG ] INIT File
---------------------------------------------------------------
[ 2018-01-20T20:39:47+08:00 ] 127.0.0.1 GET /index/index/hello.html
[ info ] www.tp5.com/index/index/hello.html [运行时间：0.020408s][吞吐率：49.00req/s] [内存消耗：2,329.17kb] [文件加载：36]
[ info ] [ LANG ] D:\wamp64\www\tp\thinkphp\lang\zh-cn.php
[ info ] [ ROUTE ] array (
  'type' => 'module',
  'module' => 
  array (
    0 => 'index',
    1 => 'index',
    2 => 'hello',
  ),
)
[ info ] [ HEADER ] array (
  'host' => 'www.tp5.com',
  'connection' => 'keep-alive',
  'upgrade-insecure-requests' => '1',
  'user-agent' => 'Mozilla/5.0 (Windows NT 5.1) AppleWebKit/537.36 (KHTML, like Gecko) Maxthon/5.0 Chrome/55.0.2883.75 Safari/537.36',
  'accept' => 'text/html,application/xhtml+xml,application/xml;q=0.9,image/webp,*/*;q=0.8',
  'dnt' => '1',
  'accept-encoding' => 'gzip, deflate',
  'accept-language' => 'zh-CN',
  'cookie' => 'UM_distinctid=16113278d194e-00bd491b3486ea-2569791b-1fa400-16113278d1a7cb; CNZZDATA1256793290=1679023239-1516439682-%7C1516439682; pgv_pvi=1248515072; pgv_si=s7725725696',
)
[ info ] [ PARAM ] array (
)
[ info ] [ RUN ] app\index\controller\Index->hello[ D:\wamp64\www\tp\application\index\controller\Index.php ]
[ info ] [ LOG ] INIT File
---------------------------------------------------------------
[ 2018-01-20T20:39:50+08:00 ] 127.0.0.1 GET /index/index/hello.html
[ info ] www.tp5.com/index/index/hello.html [运行时间：0.020132s][吞吐率：49.67req/s] [内存消耗：2,329.55kb] [文件加载：36]
[ info ] [ LANG ] D:\wamp64\www\tp\thinkphp\lang\zh-cn.php
[ info ] [ ROUTE ] array (
  'type' => 'module',
  'module' => 
  array (
    0 => 'index',
    1 => 'index',
    2 => 'hello',
  ),
)
[ info ] [ HEADER ] array (
  'host' => 'www.tp5.com',
  'connection' => 'keep-alive',
  'cache-control' => 'max-age=0',
  'upgrade-insecure-requests' => '1',
  'user-agent' => 'Mozilla/5.0 (Windows NT 5.1) AppleWebKit/537.36 (KHTML, like Gecko) Maxthon/5.0 Chrome/55.0.2883.75 Safari/537.36',
  'accept' => 'text/html,application/xhtml+xml,application/xml;q=0.9,image/webp,*/*;q=0.8',
  'dnt' => '1',
  'accept-encoding' => 'gzip, deflate',
  'accept-language' => 'zh-CN',
  'cookie' => 'UM_distinctid=16113278d194e-00bd491b3486ea-2569791b-1fa400-16113278d1a7cb; CNZZDATA1256793290=1679023239-1516439682-%7C1516439682; pgv_pvi=1248515072; pgv_si=s7725725696',
)
[ info ] [ PARAM ] array (
)
[ info ] [ RUN ] app\index\controller\Index->hello[ D:\wamp64\www\tp\application\index\controller\Index.php ]
[ info ] [ LOG ] INIT File
